{"/Users/zaidazmi/Github/polyteller/src/content/privacyMode.ts": {"path":"/Users/zaidazmi/Github/polyteller/src/content/privacyMode.ts","statementMap":{"0":{"start":{"line":300,"column":0},"end":{"line":300,"column":7}},"1":{"start":{"line":1,"column":0},"end":{"line":1,"column":40}},"2":{"start":{"line":5,"column":13},"end":{"line":5,"column":53}},"3":{"start":{"line":6,"column":13},"end":{"line":6,"column":68}},"4":{"start":{"line":7,"column":26},"end":{"line":7,"column":52}},"5":{"start":{"line":8,"column":31},"end":{"line":8,"column":34}},"6":{"start":{"line":14,"column":25},"end":{"line":94,"column":3}},"7":{"start":{"line":15,"column":4},"end":{"line":15,"column":69}},"8":{"start":{"line":15,"column":57},"end":{"line":15,"column":69}},"9":{"start":{"line":17,"column":29},"end":{"line":17,"column":144}},"10":{"start":{"line":18,"column":4},"end":{"line":18,"column":65}},"11":{"start":{"line":18,"column":52},"end":{"line":18,"column":65}},"12":{"start":{"line":20,"column":23},"end":{"line":20,"column":52}},"13":{"start":{"line":21,"column":4},"end":{"line":21,"column":45}},"14":{"start":{"line":22,"column":4},"end":{"line":27,"column":6}},"15":{"start":{"line":29,"column":4},"end":{"line":41,"column":6}},"16":{"start":{"line":43,"column":4},"end":{"line":46,"column":7}},"17":{"start":{"line":44,"column":6},"end":{"line":44,"column":65}},"18":{"start":{"line":45,"column":6},"end":{"line":45,"column":37}},"19":{"start":{"line":48,"column":4},"end":{"line":51,"column":7}},"20":{"start":{"line":49,"column":6},"end":{"line":49,"column":63}},"21":{"start":{"line":50,"column":6},"end":{"line":50,"column":40}},"22":{"start":{"line":53,"column":4},"end":{"line":67,"column":7}},"23":{"start":{"line":54,"column":6},"end":{"line":54,"column":26}},"24":{"start":{"line":55,"column":6},"end":{"line":55,"column":25}},"25":{"start":{"line":56,"column":6},"end":{"line":56,"column":38}},"26":{"start":{"line":58,"column":6},"end":{"line":58,"column":66}},"27":{"start":{"line":59,"column":6},"end":{"line":61,"column":14}},"28":{"start":{"line":60,"column":8},"end":{"line":60,"column":65}},"29":{"start":{"line":63,"column":6},"end":{"line":66,"column":9}},"30":{"start":{"line":69,"column":22},"end":{"line":69,"column":51}},"31":{"start":{"line":70,"column":4},"end":{"line":78,"column":6}},"32":{"start":{"line":79,"column":4},"end":{"line":79,"column":38}},"33":{"start":{"line":81,"column":4},"end":{"line":81,"column":49}},"34":{"start":{"line":82,"column":4},"end":{"line":82,"column":44}},"35":{"start":{"line":84,"column":28},"end":{"line":87,"column":5}},"36":{"start":{"line":85,"column":6},"end":{"line":85,"column":63}},"37":{"start":{"line":86,"column":6},"end":{"line":86,"column":40}},"38":{"start":{"line":89,"column":4},"end":{"line":89,"column":48}},"39":{"start":{"line":90,"column":4},"end":{"line":90,"column":52}},"40":{"start":{"line":92,"column":4},"end":{"line":92,"column":44}},"41":{"start":{"line":93,"column":4},"end":{"line":93,"column":16}},"42":{"start":{"line":97,"column":2},"end":{"line":115,"column":3}},"43":{"start":{"line":98,"column":4},"end":{"line":106,"column":7}},"44":{"start":{"line":99,"column":6},"end":{"line":105,"column":7}},"45":{"start":{"line":100,"column":8},"end":{"line":104,"column":16}},"46":{"start":{"line":101,"column":10},"end":{"line":103,"column":11}},"47":{"start":{"line":102,"column":12},"end":{"line":102,"column":45}},"48":{"start":{"line":108,"column":4},"end":{"line":114,"column":5}},"49":{"start":{"line":109,"column":6},"end":{"line":113,"column":14}},"50":{"start":{"line":110,"column":8},"end":{"line":112,"column":9}},"51":{"start":{"line":111,"column":10},"end":{"line":111,"column":43}},"52":{"start":{"line":121,"column":10},"end":{"line":121,"column":38}},"53":{"start":{"line":122,"column":10},"end":{"line":122,"column":68}},"54":{"start":{"line":123,"column":10},"end":{"line":123,"column":54}},"55":{"start":{"line":124,"column":10},"end":{"line":124,"column":56}},"56":{"start":{"line":125,"column":10},"end":{"line":125,"column":56}},"57":{"start":{"line":128,"column":4},"end":{"line":128,"column":22}},"58":{"start":{"line":132,"column":4},"end":{"line":132,"column":34}},"59":{"start":{"line":133,"column":4},"end":{"line":133,"column":20}},"60":{"start":{"line":134,"column":4},"end":{"line":139,"column":7}},"61":{"start":{"line":135,"column":6},"end":{"line":138,"column":7}},"62":{"start":{"line":136,"column":8},"end":{"line":136,"column":45}},"63":{"start":{"line":137,"column":8},"end":{"line":137,"column":36}},"64":{"start":{"line":140,"column":4},"end":{"line":140,"column":32}},"65":{"start":{"line":141,"column":4},"end":{"line":141,"column":33}},"66":{"start":{"line":145,"column":4},"end":{"line":147,"column":5}},"67":{"start":{"line":146,"column":6},"end":{"line":146,"column":57}},"68":{"start":{"line":148,"column":4},"end":{"line":148,"column":37}},"69":{"start":{"line":152,"column":4},"end":{"line":152,"column":27}},"70":{"start":{"line":156,"column":4},"end":{"line":156,"column":44}},"71":{"start":{"line":160,"column":4},"end":{"line":160,"column":42}},"72":{"start":{"line":160,"column":35},"end":{"line":160,"column":42}},"73":{"start":{"line":162,"column":4},"end":{"line":162,"column":28}},"74":{"start":{"line":163,"column":4},"end":{"line":163,"column":50}},"75":{"start":{"line":165,"column":4},"end":{"line":185,"column":5}},"76":{"start":{"line":166,"column":6},"end":{"line":166,"column":68}},"77":{"start":{"line":167,"column":6},"end":{"line":167,"column":54}},"78":{"start":{"line":169,"column":6},"end":{"line":173,"column":7}},"79":{"start":{"line":170,"column":8},"end":{"line":170,"column":55}},"80":{"start":{"line":172,"column":8},"end":{"line":172,"column":58}},"81":{"start":{"line":175,"column":6},"end":{"line":175,"column":31}},"82":{"start":{"line":176,"column":6},"end":{"line":176,"column":31}},"83":{"start":{"line":178,"column":6},"end":{"line":181,"column":9}},"84":{"start":{"line":184,"column":6},"end":{"line":184,"column":59}},"85":{"start":{"line":189,"column":4},"end":{"line":196,"column":5}},"86":{"start":{"line":190,"column":21},"end":{"line":190,"column":69}},"87":{"start":{"line":191,"column":6},"end":{"line":191,"column":58}},"88":{"start":{"line":192,"column":6},"end":{"line":192,"column":69}},"89":{"start":{"line":193,"column":6},"end":{"line":193,"column":31}},"90":{"start":{"line":195,"column":6},"end":{"line":195,"column":64}},"91":{"start":{"line":200,"column":4},"end":{"line":208,"column":7}},"92":{"start":{"line":201,"column":6},"end":{"line":206,"column":7}},"93":{"start":{"line":202,"column":8},"end":{"line":202,"column":41}},"94":{"start":{"line":203,"column":8},"end":{"line":205,"column":9}},"95":{"start":{"line":204,"column":10},"end":{"line":204,"column":43}},"96":{"start":{"line":207,"column":6},"end":{"line":207,"column":18}},"97":{"start":{"line":212,"column":21},"end":{"line":231,"column":6}},"98":{"start":{"line":213,"column":24},"end":{"line":213,"column":29}},"99":{"start":{"line":215,"column":6},"end":{"line":220,"column":7}},"100":{"start":{"line":216,"column":8},"end":{"line":219,"column":9}},"101":{"start":{"line":217,"column":10},"end":{"line":217,"column":29}},"102":{"start":{"line":218,"column":10},"end":{"line":218,"column":16}},"103":{"start":{"line":222,"column":6},"end":{"line":230,"column":7}},"104":{"start":{"line":223,"column":8},"end":{"line":225,"column":9}},"105":{"start":{"line":224,"column":10},"end":{"line":224,"column":60}},"106":{"start":{"line":227,"column":8},"end":{"line":229,"column":35}},"107":{"start":{"line":228,"column":10},"end":{"line":228,"column":39}},"108":{"start":{"line":233,"column":4},"end":{"line":238,"column":7}},"109":{"start":{"line":242,"column":4},"end":{"line":247,"column":5}},"110":{"start":{"line":243,"column":6},"end":{"line":246,"column":8}},"111":{"start":{"line":244,"column":8},"end":{"line":245,"column":76}},"112":{"start":{"line":248,"column":4},"end":{"line":248,"column":17}},"113":{"start":{"line":252,"column":21},"end":{"line":252,"column":62}},"114":{"start":{"line":253,"column":4},"end":{"line":258,"column":7}},"115":{"start":{"line":254,"column":6},"end":{"line":257,"column":7}},"116":{"start":{"line":255,"column":8},"end":{"line":255,"column":40}},"117":{"start":{"line":256,"column":8},"end":{"line":256,"column":36}},"118":{"start":{"line":262,"column":4},"end":{"line":271,"column":5}},"119":{"start":{"line":263,"column":6},"end":{"line":265,"column":7}},"120":{"start":{"line":264,"column":8},"end":{"line":264,"column":66}},"121":{"start":{"line":267,"column":6},"end":{"line":270,"column":7}},"122":{"start":{"line":268,"column":8},"end":{"line":268,"column":60}},"123":{"start":{"line":269,"column":8},"end":{"line":269,"column":45}},"124":{"start":{"line":275,"column":4},"end":{"line":281,"column":7}},"125":{"start":{"line":276,"column":6},"end":{"line":280,"column":7}},"126":{"start":{"line":277,"column":8},"end":{"line":277,"column":36}},"127":{"start":{"line":279,"column":8},"end":{"line":279,"column":43}},"128":{"start":{"line":285,"column":4},"end":{"line":285,"column":77}},"129":{"start":{"line":285,"column":50},"end":{"line":285,"column":75}},"130":{"start":{"line":289,"column":4},"end":{"line":289,"column":45}},"131":{"start":{"line":290,"column":4},"end":{"line":292,"column":6}},"132":{"start":{"line":291,"column":6},"end":{"line":291,"column":90}},"133":{"start":{"line":291,"column":73},"end":{"line":291,"column":88}},"134":{"start":{"line":119,"column":0},"end":{"line":119,"column":13}},"135":{"start":{"line":297,"column":13},"end":{"line":297,"column":63}},"136":{"start":{"line":301,"column":2},"end":{"line":301,"column":34}}},"fnMap":{"0":{"name":"addToggleIcon","decl":{"start":{"line":13,"column":9},"end":{"line":13,"column":22}},"loc":{"start":{"line":13,"column":22},"end":{"line":116,"column":1}}},"1":{"name":"(anonymous_1)","decl":{"start":{"line":14,"column":25},"end":{"line":14,"column":28}},"loc":{"start":{"line":14,"column":30},"end":{"line":94,"column":3}}},"2":{"name":"(anonymous_2)","decl":{"start":{"line":43,"column":46},"end":{"line":43,"column":49}},"loc":{"start":{"line":43,"column":51},"end":{"line":46,"column":5}}},"3":{"name":"(anonymous_3)","decl":{"start":{"line":48,"column":46},"end":{"line":48,"column":49}},"loc":{"start":{"line":48,"column":51},"end":{"line":51,"column":5}}},"4":{"name":"(anonymous_4)","decl":{"start":{"line":53,"column":41},"end":{"line":53,"column":46}},"loc":{"start":{"line":53,"column":53},"end":{"line":67,"column":5}}},"5":{"name":"(anonymous_5)","decl":{"start":{"line":59,"column":17},"end":{"line":59,"column":20}},"loc":{"start":{"line":59,"column":22},"end":{"line":61,"column":7}}},"6":{"name":"(anonymous_6)","decl":{"start":{"line":84,"column":28},"end":{"line":84,"column":29}},"loc":{"start":{"line":84,"column":49},"end":{"line":87,"column":5}}},"7":{"name":"(anonymous_7)","decl":{"start":{"line":98,"column":50},"end":{"line":98,"column":53}},"loc":{"start":{"line":98,"column":55},"end":{"line":106,"column":5}}},"8":{"name":"(anonymous_8)","decl":{"start":{"line":100,"column":19},"end":{"line":100,"column":22}},"loc":{"start":{"line":100,"column":24},"end":{"line":104,"column":9}}},"9":{"name":"(anonymous_9)","decl":{"start":{"line":109,"column":17},"end":{"line":109,"column":20}},"loc":{"start":{"line":109,"column":22},"end":{"line":113,"column":7}}},"10":{"name":"(anonymous_10)","decl":{"start":{"line":127,"column":2},"end":{"line":127,"column":null}},"loc":{"start":{"line":127,"column":2},"end":{"line":129,"column":3}}},"11":{"name":"(anonymous_11)","decl":{"start":{"line":131,"column":10},"end":{"line":131,"column":15}},"loc":{"start":{"line":131,"column":26},"end":{"line":142,"column":3}}},"12":{"name":"(anonymous_12)","decl":{"start":{"line":134,"column":54},"end":{"line":134,"column":61}},"loc":{"start":{"line":134,"column":64},"end":{"line":139,"column":5}}},"13":{"name":"(anonymous_13)","decl":{"start":{"line":144,"column":2},"end":{"line":144,"column":8}},"loc":{"start":{"line":144,"column":20},"end":{"line":149,"column":3}}},"14":{"name":"(anonymous_14)","decl":{"start":{"line":151,"column":2},"end":{"line":151,"column":6}},"loc":{"start":{"line":151,"column":15},"end":{"line":153,"column":3}}},"15":{"name":"(anonymous_15)","decl":{"start":{"line":155,"column":9},"end":{"line":155,"column":14}},"loc":{"start":{"line":155,"column":21},"end":{"line":157,"column":3}}},"16":{"name":"(anonymous_16)","decl":{"start":{"line":159,"column":9},"end":{"line":159,"column":14}},"loc":{"start":{"line":159,"column":40},"end":{"line":186,"column":3}}},"17":{"name":"(anonymous_17)","decl":{"start":{"line":188,"column":10},"end":{"line":188,"column":15}},"loc":{"start":{"line":188,"column":32},"end":{"line":197,"column":3}}},"18":{"name":"(anonymous_18)","decl":{"start":{"line":199,"column":10},"end":{"line":199,"column":30}},"loc":{"start":{"line":199,"column":30},"end":{"line":209,"column":3}}},"19":{"name":"(anonymous_19)","decl":{"start":{"line":200,"column":41},"end":{"line":200,"column":42}},"loc":{"start":{"line":200,"column":75},"end":{"line":208,"column":5}}},"20":{"name":"(anonymous_20)","decl":{"start":{"line":211,"column":10},"end":{"line":211,"column":31}},"loc":{"start":{"line":211,"column":31},"end":{"line":239,"column":3}}},"21":{"name":"(anonymous_21)","decl":{"start":{"line":212,"column":42},"end":{"line":212,"column":43}},"loc":{"start":{"line":212,"column":56},"end":{"line":231,"column":5}}},"22":{"name":"(anonymous_22)","decl":{"start":{"line":227,"column":57},"end":{"line":227,"column":60}},"loc":{"start":{"line":227,"column":62},"end":{"line":229,"column":9}}},"23":{"name":"(anonymous_23)","decl":{"start":{"line":241,"column":10},"end":{"line":241,"column":28}},"loc":{"start":{"line":241,"column":53},"end":{"line":249,"column":3}}},"24":{"name":"(anonymous_24)","decl":{"start":{"line":243,"column":50},"end":{"line":243,"column":54}},"loc":{"start":{"line":244,"column":8},"end":{"line":245,"column":76}}},"25":{"name":"(anonymous_25)","decl":{"start":{"line":251,"column":10},"end":{"line":251,"column":31}},"loc":{"start":{"line":251,"column":31},"end":{"line":259,"column":3}}},"26":{"name":"(anonymous_26)","decl":{"start":{"line":253,"column":21},"end":{"line":253,"column":28}},"loc":{"start":{"line":253,"column":31},"end":{"line":258,"column":5}}},"27":{"name":"(anonymous_27)","decl":{"start":{"line":261,"column":10},"end":{"line":261,"column":23}},"loc":{"start":{"line":261,"column":44},"end":{"line":272,"column":3}}},"28":{"name":"(anonymous_28)","decl":{"start":{"line":274,"column":10},"end":{"line":274,"column":27}},"loc":{"start":{"line":274,"column":27},"end":{"line":282,"column":3}}},"29":{"name":"(anonymous_29)","decl":{"start":{"line":275,"column":31},"end":{"line":275,"column":38}},"loc":{"start":{"line":275,"column":41},"end":{"line":281,"column":5}}},"30":{"name":"(anonymous_30)","decl":{"start":{"line":284,"column":10},"end":{"line":284,"column":27}},"loc":{"start":{"line":284,"column":27},"end":{"line":286,"column":3}}},"31":{"name":"(anonymous_31)","decl":{"start":{"line":285,"column":38},"end":{"line":285,"column":46}},"loc":{"start":{"line":285,"column":50},"end":{"line":285,"column":75}}},"32":{"name":"(anonymous_32)","decl":{"start":{"line":288,"column":9},"end":{"line":288,"column":22}},"loc":{"start":{"line":288,"column":59},"end":{"line":293,"column":3}}},"33":{"name":"(anonymous_33)","decl":{"start":{"line":290,"column":11},"end":{"line":290,"column":14}},"loc":{"start":{"line":290,"column":16},"end":{"line":292,"column":5}}},"34":{"name":"(anonymous_34)","decl":{"start":{"line":291,"column":67},"end":{"line":291,"column":69}},"loc":{"start":{"line":291,"column":73},"end":{"line":291,"column":88}}},"35":{"name":"togglePrivacyMode","decl":{"start":{"line":300,"column":22},"end":{"line":300,"column":39}},"loc":{"start":{"line":300,"column":39},"end":{"line":302,"column":1}}}},"branchMap":{"0":{"loc":{"start":{"line":15,"column":4},"end":{"line":15,"column":69}},"type":"if","locations":[{"start":{"line":15,"column":4},"end":{"line":15,"column":69}}]},"1":{"loc":{"start":{"line":18,"column":4},"end":{"line":18,"column":65}},"type":"if","locations":[{"start":{"line":18,"column":4},"end":{"line":18,"column":65}}]},"2":{"loc":{"start":{"line":85,"column":31},"end":{"line":85,"column":62}},"type":"cond-expr","locations":[{"start":{"line":85,"column":41},"end":{"line":85,"column":50}},{"start":{"line":85,"column":53},"end":{"line":85,"column":62}}]},"3":{"loc":{"start":{"line":97,"column":2},"end":{"line":115,"column":3}},"type":"if","locations":[{"start":{"line":97,"column":2},"end":{"line":115,"column":3}},{"start":{"line":107,"column":9},"end":{"line":115,"column":3}}]},"4":{"loc":{"start":{"line":99,"column":6},"end":{"line":105,"column":7}},"type":"if","locations":[{"start":{"line":99,"column":6},"end":{"line":105,"column":7}}]},"5":{"loc":{"start":{"line":101,"column":10},"end":{"line":103,"column":11}},"type":"if","locations":[{"start":{"line":101,"column":10},"end":{"line":103,"column":11}}]},"6":{"loc":{"start":{"line":108,"column":4},"end":{"line":114,"column":5}},"type":"if","locations":[{"start":{"line":108,"column":4},"end":{"line":114,"column":5}}]},"7":{"loc":{"start":{"line":110,"column":8},"end":{"line":112,"column":9}},"type":"if","locations":[{"start":{"line":110,"column":8},"end":{"line":112,"column":9}}]},"8":{"loc":{"start":{"line":135,"column":6},"end":{"line":138,"column":7}},"type":"if","locations":[{"start":{"line":135,"column":6},"end":{"line":138,"column":7}}]},"9":{"loc":{"start":{"line":145,"column":4},"end":{"line":147,"column":5}},"type":"if","locations":[{"start":{"line":145,"column":4},"end":{"line":147,"column":5}}]},"10":{"loc":{"start":{"line":160,"column":4},"end":{"line":160,"column":42}},"type":"if","locations":[{"start":{"line":160,"column":4},"end":{"line":160,"column":42}}]},"11":{"loc":{"start":{"line":169,"column":6},"end":{"line":173,"column":7}},"type":"if","locations":[{"start":{"line":169,"column":6},"end":{"line":173,"column":7}},{"start":{"line":171,"column":13},"end":{"line":173,"column":7}}]},"12":{"loc":{"start":{"line":191,"column":24},"end":{"line":191,"column":57}},"type":"binary-expr","locations":[{"start":{"line":191,"column":24},"end":{"line":191,"column":48}},{"start":{"line":191,"column":52},"end":{"line":191,"column":57}}]},"13":{"loc":{"start":{"line":201,"column":6},"end":{"line":206,"column":7}},"type":"if","locations":[{"start":{"line":201,"column":6},"end":{"line":206,"column":7}}]},"14":{"loc":{"start":{"line":203,"column":8},"end":{"line":205,"column":9}},"type":"if","locations":[{"start":{"line":203,"column":8},"end":{"line":205,"column":9}}]},"15":{"loc":{"start":{"line":216,"column":8},"end":{"line":219,"column":9}},"type":"if","locations":[{"start":{"line":216,"column":8},"end":{"line":219,"column":9}}]},"16":{"loc":{"start":{"line":222,"column":6},"end":{"line":230,"column":7}},"type":"if","locations":[{"start":{"line":222,"column":6},"end":{"line":230,"column":7}}]},"17":{"loc":{"start":{"line":223,"column":8},"end":{"line":225,"column":9}},"type":"if","locations":[{"start":{"line":223,"column":8},"end":{"line":225,"column":9}}]},"18":{"loc":{"start":{"line":242,"column":4},"end":{"line":247,"column":5}},"type":"if","locations":[{"start":{"line":242,"column":4},"end":{"line":247,"column":5}}]},"19":{"loc":{"start":{"line":244,"column":8},"end":{"line":245,"column":76}},"type":"binary-expr","locations":[{"start":{"line":244,"column":8},"end":{"line":244,"column":35}},{"start":{"line":245,"column":9},"end":{"line":245,"column":37}},{"start":{"line":245,"column":41},"end":{"line":245,"column":75}}]},"20":{"loc":{"start":{"line":254,"column":6},"end":{"line":257,"column":7}},"type":"if","locations":[{"start":{"line":254,"column":6},"end":{"line":257,"column":7}}]},"21":{"loc":{"start":{"line":262,"column":4},"end":{"line":271,"column":5}},"type":"if","locations":[{"start":{"line":262,"column":4},"end":{"line":271,"column":5}},{"start":{"line":266,"column":11},"end":{"line":271,"column":5}}]},"22":{"loc":{"start":{"line":263,"column":6},"end":{"line":265,"column":7}},"type":"if","locations":[{"start":{"line":263,"column":6},"end":{"line":265,"column":7}}]},"23":{"loc":{"start":{"line":264,"column":40},"end":{"line":264,"column":65}},"type":"binary-expr","locations":[{"start":{"line":264,"column":40},"end":{"line":264,"column":59}},{"start":{"line":264,"column":63},"end":{"line":264,"column":65}}]},"24":{"loc":{"start":{"line":267,"column":6},"end":{"line":270,"column":7}},"type":"if","locations":[{"start":{"line":267,"column":6},"end":{"line":270,"column":7}}]},"25":{"loc":{"start":{"line":276,"column":6},"end":{"line":280,"column":7}},"type":"if","locations":[{"start":{"line":276,"column":6},"end":{"line":280,"column":7}},{"start":{"line":278,"column":13},"end":{"line":280,"column":7}}]}},"s":{"0":4,"1":4,"2":4,"3":4,"4":4,"5":4,"6":11,"7":16,"8":0,"9":16,"10":16,"11":16,"12":0,"13":0,"14":0,"15":0,"16":0,"17":0,"18":0,"19":0,"20":0,"21":0,"22":0,"23":0,"24":0,"25":0,"26":0,"27":0,"28":0,"29":0,"30":0,"31":0,"32":0,"33":0,"34":0,"35":0,"36":0,"37":0,"38":0,"39":0,"40":0,"41":0,"42":11,"43":0,"44":0,"45":0,"46":0,"47":0,"48":11,"49":11,"50":5,"51":5,"52":11,"53":11,"54":11,"55":11,"56":11,"57":11,"58":11,"59":11,"60":11,"61":10,"62":10,"63":10,"64":11,"65":11,"66":13,"67":11,"68":13,"69":6,"70":7,"71":7,"72":0,"73":7,"74":7,"75":7,"76":7,"77":7,"78":7,"79":4,"80":3,"81":7,"82":7,"83":7,"84":0,"85":13,"86":13,"87":13,"88":13,"89":13,"90":0,"91":11,"92":0,"93":0,"94":0,"95":0,"96":0,"97":11,"98":0,"99":0,"100":0,"101":0,"102":0,"103":0,"104":0,"105":0,"106":0,"107":0,"108":11,"109":0,"110":0,"111":0,"112":0,"113":2,"114":2,"115":5,"116":5,"117":5,"118":17,"119":5,"120":5,"121":12,"122":2,"123":2,"124":20,"125":2,"126":2,"127":0,"128":7,"129":2,"130":3,"131":3,"132":0,"133":0,"134":4,"135":4,"136":0},"f":{"0":11,"1":16,"2":0,"3":0,"4":0,"5":0,"6":0,"7":0,"8":0,"9":5,"10":11,"11":11,"12":10,"13":13,"14":6,"15":7,"16":7,"17":13,"18":11,"19":0,"20":11,"21":0,"22":0,"23":0,"24":0,"25":2,"26":5,"27":17,"28":20,"29":2,"30":7,"31":2,"32":3,"33":0,"34":0,"35":0},"b":{"0":[0],"1":[16],"2":[0,0],"3":[0,11],"4":[0],"5":[0],"6":[11],"7":[5],"8":[10],"9":[11],"10":[0],"11":[4,3],"12":[13,5],"13":[0],"14":[0],"15":[0],"16":[0],"17":[0],"18":[0],"19":[0,0,0],"20":[5],"21":[5,12],"22":[5],"23":[5,0],"24":[2],"25":[2,0]}}
,"/Users/zaidazmi/Github/polyteller/src/content/extractors/datePatterns.ts": {"path":"/Users/zaidazmi/Github/polyteller/src/content/extractors/datePatterns.ts","statementMap":{"0":{"start":{"line":2,"column":0},"end":{"line":2,"column":46}},"1":{"start":{"line":13,"column":13},"end":{"line":326,"column":42}},"2":{"start":{"line":326,"column":17},"end":{"line":326,"column":40}}},"fnMap":{"0":{"name":"(anonymous_6)","decl":{"start":{"line":326,"column":7},"end":{"line":326,"column":8}},"loc":{"start":{"line":326,"column":17},"end":{"line":326,"column":40}}}},"branchMap":{},"s":{"0":1,"1":1,"2":60},"f":{"0":60},"b":{}}
,"/Users/zaidazmi/Github/polyteller/src/content/extractors/patternHandlers.ts": {"path":"/Users/zaidazmi/Github/polyteller/src/content/extractors/patternHandlers.ts","statementMap":{"0":{"start":{"line":8,"column":0},"end":{"line":8,"column":16}},"1":{"start":{"line":21,"column":0},"end":{"line":21,"column":16}},"2":{"start":{"line":47,"column":0},"end":{"line":47,"column":16}},"3":{"start":{"line":74,"column":0},"end":{"line":74,"column":16}},"4":{"start":{"line":90,"column":0},"end":{"line":90,"column":16}},"5":{"start":{"line":103,"column":0},"end":{"line":103,"column":16}},"6":{"start":{"line":117,"column":0},"end":{"line":117,"column":16}},"7":{"start":{"line":129,"column":0},"end":{"line":129,"column":16}},"8":{"start":{"line":141,"column":0},"end":{"line":141,"column":16}},"9":{"start":{"line":153,"column":0},"end":{"line":153,"column":16}},"10":{"start":{"line":164,"column":0},"end":{"line":164,"column":16}},"11":{"start":{"line":176,"column":0},"end":{"line":176,"column":16}},"12":{"start":{"line":187,"column":0},"end":{"line":187,"column":16}},"13":{"start":{"line":235,"column":0},"end":{"line":235,"column":16}},"14":{"start":{"line":247,"column":0},"end":{"line":247,"column":16}},"15":{"start":{"line":261,"column":0},"end":{"line":261,"column":16}},"16":{"start":{"line":278,"column":0},"end":{"line":278,"column":16}},"17":{"start":{"line":290,"column":0},"end":{"line":290,"column":16}},"18":{"start":{"line":302,"column":0},"end":{"line":302,"column":16}},"19":{"start":{"line":314,"column":0},"end":{"line":314,"column":16}},"20":{"start":{"line":327,"column":0},"end":{"line":327,"column":16}},"21":{"start":{"line":375,"column":0},"end":{"line":375,"column":16}},"22":{"start":{"line":425,"column":0},"end":{"line":425,"column":16}},"23":{"start":{"line":2,"column":0},"end":{"line":2,"column":43}},"24":{"start":{"line":9,"column":47},"end":{"line":9,"column":52}},"25":{"start":{"line":10,"column":2},"end":{"line":13,"column":4}},"26":{"start":{"line":22,"column":53},"end":{"line":22,"column":58}},"27":{"start":{"line":25,"column":24},"end":{"line":25,"column":50}},"28":{"start":{"line":27,"column":2},"end":{"line":34,"column":5}},"29":{"start":{"line":36,"column":2},"end":{"line":39,"column":4}},"30":{"start":{"line":54,"column":6},"end":{"line":54,"column":11}},"31":{"start":{"line":56,"column":2},"end":{"line":61,"column":5}},"32":{"start":{"line":63,"column":2},"end":{"line":66,"column":4}},"33":{"start":{"line":75,"column":95},"end":{"line":75,"column":100}},"34":{"start":{"line":76,"column":21},"end":{"line":76,"column":38}},"35":{"start":{"line":77,"column":18},"end":{"line":77,"column":48}},"36":{"start":{"line":78,"column":26},"end":{"line":78,"column":72}},"37":{"start":{"line":79,"column":2},"end":{"line":82,"column":4}},"38":{"start":{"line":91,"column":41},"end":{"line":91,"column":46}},"39":{"start":{"line":92,"column":15},"end":{"line":92,"column":43}},"40":{"start":{"line":93,"column":2},"end":{"line":96,"column":4}},"41":{"start":{"line":104,"column":97},"end":{"line":104,"column":102}},"42":{"start":{"line":105,"column":20},"end":{"line":105,"column":48}},"43":{"start":{"line":106,"column":15},"end":{"line":106,"column":77}},"44":{"start":{"line":107,"column":2},"end":{"line":110,"column":4}},"45":{"start":{"line":118,"column":43},"end":{"line":118,"column":48}},"46":{"start":{"line":119,"column":2},"end":{"line":122,"column":4}},"47":{"start":{"line":130,"column":43},"end":{"line":130,"column":48}},"48":{"start":{"line":131,"column":2},"end":{"line":134,"column":4}},"49":{"start":{"line":142,"column":47},"end":{"line":142,"column":52}},"50":{"start":{"line":143,"column":2},"end":{"line":146,"column":4}},"51":{"start":{"line":154,"column":2},"end":{"line":157,"column":4}},"52":{"start":{"line":165,"column":43},"end":{"line":165,"column":48}},"53":{"start":{"line":166,"column":2},"end":{"line":169,"column":4}},"54":{"start":{"line":177,"column":2},"end":{"line":180,"column":4}},"55":{"start":{"line":188,"column":49},"end":{"line":188,"column":54}},"56":{"start":{"line":191,"column":46},"end":{"line":204,"column":4}},"57":{"start":{"line":206,"column":20},"end":{"line":206,"column":60}},"58":{"start":{"line":209,"column":18},"end":{"line":209,"column":32}},"59":{"start":{"line":210,"column":15},"end":{"line":210,"column":42}},"60":{"start":{"line":211,"column":17},"end":{"line":211,"column":77}},"61":{"start":{"line":213,"column":2},"end":{"line":222,"column":5}},"62":{"start":{"line":225,"column":2},"end":{"line":228,"column":4}},"63":{"start":{"line":236,"column":55},"end":{"line":236,"column":60}},"64":{"start":{"line":237,"column":2},"end":{"line":240,"column":4}},"65":{"start":{"line":248,"column":63},"end":{"line":248,"column":68}},"66":{"start":{"line":249,"column":2},"end":{"line":252,"column":4}},"67":{"start":{"line":262,"column":47},"end":{"line":262,"column":52}},"68":{"start":{"line":265,"column":18},"end":{"line":265,"column":41}},"69":{"start":{"line":266,"column":15},"end":{"line":266,"column":38}},"70":{"start":{"line":268,"column":2},"end":{"line":271,"column":4}},"71":{"start":{"line":279,"column":47},"end":{"line":279,"column":52}},"72":{"start":{"line":280,"column":2},"end":{"line":283,"column":4}},"73":{"start":{"line":291,"column":47},"end":{"line":291,"column":52}},"74":{"start":{"line":292,"column":2},"end":{"line":295,"column":4}},"75":{"start":{"line":303,"column":23},"end":{"line":303,"column":28}},"76":{"start":{"line":304,"column":2},"end":{"line":307,"column":4}},"77":{"start":{"line":315,"column":23},"end":{"line":315,"column":28}},"78":{"start":{"line":316,"column":2},"end":{"line":319,"column":4}},"79":{"start":{"line":333,"column":6},"end":{"line":333,"column":11}},"80":{"start":{"line":336,"column":46},"end":{"line":349,"column":4}},"81":{"start":{"line":351,"column":20},"end":{"line":351,"column":44}},"82":{"start":{"line":354,"column":18},"end":{"line":354,"column":32}},"83":{"start":{"line":355,"column":15},"end":{"line":355,"column":42}},"84":{"start":{"line":356,"column":17},"end":{"line":356,"column":77}},"85":{"start":{"line":358,"column":2},"end":{"line":361,"column":5}},"86":{"start":{"line":364,"column":2},"end":{"line":367,"column":4}},"87":{"start":{"line":376,"column":41},"end":{"line":376,"column":46}},"88":{"start":{"line":379,"column":22},"end":{"line":379,"column":98}},"89":{"start":{"line":382,"column":20},"end":{"line":382,"column":81}},"90":{"start":{"line":383,"column":15},"end":{"line":383,"column":77}},"91":{"start":{"line":386,"column":46},"end":{"line":399,"column":4}},"92":{"start":{"line":401,"column":20},"end":{"line":401,"column":44}},"93":{"start":{"line":403,"column":2},"end":{"line":412,"column":5}},"94":{"start":{"line":415,"column":2},"end":{"line":418,"column":4}},"95":{"start":{"line":426,"column":59},"end":{"line":426,"column":64}},"96":{"start":{"line":429,"column":17},"end":{"line":429,"column":61}},"97":{"start":{"line":432,"column":46},"end":{"line":445,"column":4}},"98":{"start":{"line":448,"column":21},"end":{"line":448,"column":51}},"99":{"start":{"line":449,"column":2},"end":{"line":453,"column":3}},"100":{"start":{"line":450,"column":22},"end":{"line":450,"column":35}},"101":{"start":{"line":451,"column":22},"end":{"line":451,"column":70}},"102":{"start":{"line":452,"column":4},"end":{"line":452,"column":54}},"103":{"start":{"line":456,"column":15},"end":{"line":456,"column":29}},"104":{"start":{"line":458,"column":2},"end":{"line":465,"column":5}},"105":{"start":{"line":467,"column":2},"end":{"line":470,"column":4}}},"fnMap":{"0":{"name":"handlePostponedAfterDate","decl":{"start":{"line":8,"column":16},"end":{"line":8,"column":40}},"loc":{"start":{"line":8,"column":64},"end":{"line":14,"column":1}}},"1":{"name":"handleFinalResolutionDeadline","decl":{"start":{"line":21,"column":16},"end":{"line":21,"column":45}},"loc":{"start":{"line":21,"column":69},"end":{"line":40,"column":1}}},"2":{"name":"handleBetweenDatesWithComma","decl":{"start":{"line":47,"column":16},"end":{"line":47,"column":43}},"loc":{"start":{"line":47,"column":67},"end":{"line":67,"column":1}}},"3":{"name":"handleBetweenDatesWithTimezoneSuffix","decl":{"start":{"line":74,"column":16},"end":{"line":74,"column":52}},"loc":{"start":{"line":74,"column":76},"end":{"line":83,"column":1}}},"4":{"name":"handleShortDateTime","decl":{"start":{"line":90,"column":16},"end":{"line":90,"column":35}},"loc":{"start":{"line":90,"column":59},"end":{"line":97,"column":1}}},"5":{"name":"handleBetweenDatesWithDifferentFormats","decl":{"start":{"line":103,"column":16},"end":{"line":103,"column":54}},"loc":{"start":{"line":103,"column":78},"end":{"line":111,"column":1}}},"6":{"name":"handleBetweenDatesWithInclusiveEnd","decl":{"start":{"line":117,"column":16},"end":{"line":117,"column":50}},"loc":{"start":{"line":117,"column":74},"end":{"line":123,"column":1}}},"7":{"name":"handleBetweenDatesWithEnd","decl":{"start":{"line":129,"column":16},"end":{"line":129,"column":41}},"loc":{"start":{"line":129,"column":65},"end":{"line":135,"column":1}}},"8":{"name":"handleFinalDataDeadline","decl":{"start":{"line":141,"column":16},"end":{"line":141,"column":39}},"loc":{"start":{"line":141,"column":63},"end":{"line":147,"column":1}}},"9":{"name":"handleMainEventEnd","decl":{"start":{"line":153,"column":16},"end":{"line":153,"column":34}},"loc":{"start":{"line":153,"column":34},"end":{"line":158,"column":1}}},"10":{"name":"handleTimeBeforeDate","decl":{"start":{"line":164,"column":16},"end":{"line":164,"column":36}},"loc":{"start":{"line":164,"column":60},"end":{"line":170,"column":1}}},"11":{"name":"handleYearEnd","decl":{"start":{"line":176,"column":16},"end":{"line":176,"column":29}},"loc":{"start":{"line":176,"column":29},"end":{"line":181,"column":1}}},"12":{"name":"handleBitcoinNoon","decl":{"start":{"line":187,"column":16},"end":{"line":187,"column":33}},"loc":{"start":{"line":187,"column":57},"end":{"line":229,"column":1}}},"13":{"name":"handleExactTimeWithSeconds","decl":{"start":{"line":235,"column":16},"end":{"line":235,"column":42}},"loc":{"start":{"line":235,"column":66},"end":{"line":241,"column":1}}},"14":{"name":"handleElectionTime","decl":{"start":{"line":247,"column":16},"end":{"line":247,"column":34}},"loc":{"start":{"line":247,"column":58},"end":{"line":253,"column":1}}},"15":{"name":"handleUntilTime","decl":{"start":{"line":261,"column":16},"end":{"line":261,"column":31}},"loc":{"start":{"line":261,"column":55},"end":{"line":272,"column":1}}},"16":{"name":"handleResolutionDateTime","decl":{"start":{"line":278,"column":16},"end":{"line":278,"column":40}},"loc":{"start":{"line":278,"column":64},"end":{"line":284,"column":1}}},"17":{"name":"handleStandaloneDateTime","decl":{"start":{"line":290,"column":16},"end":{"line":290,"column":40}},"loc":{"start":{"line":290,"column":64},"end":{"line":296,"column":1}}},"18":{"name":"handleDateOnly","decl":{"start":{"line":302,"column":16},"end":{"line":302,"column":30}},"loc":{"start":{"line":302,"column":54},"end":{"line":308,"column":1}}},"19":{"name":"handleInaugurationDate","decl":{"start":{"line":314,"column":16},"end":{"line":314,"column":38}},"loc":{"start":{"line":314,"column":62},"end":{"line":320,"column":1}}},"20":{"name":"handleBitcoinEndFormat","decl":{"start":{"line":327,"column":16},"end":{"line":327,"column":38}},"loc":{"start":{"line":327,"column":62},"end":{"line":368,"column":1}}},"21":{"name":"handleHurricaneEndFormat","decl":{"start":{"line":375,"column":16},"end":{"line":375,"column":40}},"loc":{"start":{"line":375,"column":64},"end":{"line":419,"column":1}}},"22":{"name":"handleTimeWithAtFormat","decl":{"start":{"line":425,"column":16},"end":{"line":425,"column":38}},"loc":{"start":{"line":425,"column":62},"end":{"line":471,"column":1}}}},"branchMap":{"0":{"loc":{"start":{"line":12,"column":14},"end":{"line":12,"column":24}},"type":"binary-expr","locations":[{"start":{"line":12,"column":14},"end":{"line":12,"column":16}},{"start":{"line":12,"column":20},"end":{"line":12,"column":24}}]},"1":{"loc":{"start":{"line":38,"column":14},"end":{"line":38,"column":24}},"type":"binary-expr","locations":[{"start":{"line":38,"column":14},"end":{"line":38,"column":16}},{"start":{"line":38,"column":20},"end":{"line":38,"column":24}}]},"2":{"loc":{"start":{"line":77,"column":18},"end":{"line":77,"column":48}},"type":"cond-expr","locations":[{"start":{"line":77,"column":37},"end":{"line":77,"column":41}},{"start":{"line":77,"column":44},"end":{"line":77,"column":48}}]},"3":{"loc":{"start":{"line":78,"column":26},"end":{"line":78,"column":72}},"type":"cond-expr","locations":[{"start":{"line":78,"column":44},"end":{"line":78,"column":59}},{"start":{"line":78,"column":62},"end":{"line":78,"column":72}}]},"4":{"loc":{"start":{"line":81,"column":14},"end":{"line":81,"column":30}},"type":"binary-expr","locations":[{"start":{"line":81,"column":14},"end":{"line":81,"column":22}},{"start":{"line":81,"column":26},"end":{"line":81,"column":30}}]},"5":{"loc":{"start":{"line":95,"column":14},"end":{"line":95,"column":24}},"type":"binary-expr","locations":[{"start":{"line":95,"column":14},"end":{"line":95,"column":16}},{"start":{"line":95,"column":20},"end":{"line":95,"column":24}}]},"6":{"loc":{"start":{"line":106,"column":15},"end":{"line":106,"column":77}},"type":"cond-expr","locations":[{"start":{"line":106,"column":27},"end":{"line":106,"column":39}},{"start":{"line":106,"column":42},"end":{"line":106,"column":77}}]},"7":{"loc":{"start":{"line":109,"column":14},"end":{"line":109,"column":38}},"type":"binary-expr","locations":[{"start":{"line":109,"column":14},"end":{"line":109,"column":19}},{"start":{"line":109,"column":23},"end":{"line":109,"column":30}},{"start":{"line":109,"column":34},"end":{"line":109,"column":38}}]},"8":{"loc":{"start":{"line":145,"column":14},"end":{"line":145,"column":24}},"type":"binary-expr","locations":[{"start":{"line":145,"column":14},"end":{"line":145,"column":16}},{"start":{"line":145,"column":20},"end":{"line":145,"column":24}}]},"9":{"loc":{"start":{"line":206,"column":20},"end":{"line":206,"column":60}},"type":"binary-expr","locations":[{"start":{"line":206,"column":20},"end":{"line":206,"column":51}},{"start":{"line":206,"column":55},"end":{"line":206,"column":60}}]},"10":{"loc":{"start":{"line":210,"column":15},"end":{"line":210,"column":42}},"type":"cond-expr","locations":[{"start":{"line":210,"column":31},"end":{"line":210,"column":35}},{"start":{"line":210,"column":38},"end":{"line":210,"column":42}}]},"11":{"loc":{"start":{"line":211,"column":17},"end":{"line":211,"column":77}},"type":"cond-expr","locations":[{"start":{"line":211,"column":32},"end":{"line":211,"column":44}},{"start":{"line":211,"column":48},"end":{"line":211,"column":76}}]},"12":{"loc":{"start":{"line":211,"column":48},"end":{"line":211,"column":76}},"type":"cond-expr","locations":[{"start":{"line":211,"column":64},"end":{"line":211,"column":66}},{"start":{"line":211,"column":69},"end":{"line":211,"column":76}}]},"13":{"loc":{"start":{"line":239,"column":14},"end":{"line":239,"column":24}},"type":"binary-expr","locations":[{"start":{"line":239,"column":14},"end":{"line":239,"column":16}},{"start":{"line":239,"column":20},"end":{"line":239,"column":24}}]},"14":{"loc":{"start":{"line":266,"column":15},"end":{"line":266,"column":38}},"type":"cond-expr","locations":[{"start":{"line":266,"column":25},"end":{"line":266,"column":27}},{"start":{"line":266,"column":30},"end":{"line":266,"column":38}}]},"15":{"loc":{"start":{"line":270,"column":14},"end":{"line":270,"column":24}},"type":"binary-expr","locations":[{"start":{"line":270,"column":14},"end":{"line":270,"column":16}},{"start":{"line":270,"column":20},"end":{"line":270,"column":24}}]},"16":{"loc":{"start":{"line":282,"column":14},"end":{"line":282,"column":24}},"type":"binary-expr","locations":[{"start":{"line":282,"column":14},"end":{"line":282,"column":16}},{"start":{"line":282,"column":20},"end":{"line":282,"column":24}}]},"17":{"loc":{"start":{"line":294,"column":14},"end":{"line":294,"column":24}},"type":"binary-expr","locations":[{"start":{"line":294,"column":14},"end":{"line":294,"column":16}},{"start":{"line":294,"column":20},"end":{"line":294,"column":24}}]},"18":{"loc":{"start":{"line":351,"column":20},"end":{"line":351,"column":44}},"type":"binary-expr","locations":[{"start":{"line":351,"column":20},"end":{"line":351,"column":35}},{"start":{"line":351,"column":39},"end":{"line":351,"column":44}}]},"19":{"loc":{"start":{"line":355,"column":15},"end":{"line":355,"column":42}},"type":"cond-expr","locations":[{"start":{"line":355,"column":31},"end":{"line":355,"column":35}},{"start":{"line":355,"column":38},"end":{"line":355,"column":42}}]},"20":{"loc":{"start":{"line":356,"column":17},"end":{"line":356,"column":77}},"type":"cond-expr","locations":[{"start":{"line":356,"column":32},"end":{"line":356,"column":44}},{"start":{"line":356,"column":48},"end":{"line":356,"column":76}}]},"21":{"loc":{"start":{"line":356,"column":48},"end":{"line":356,"column":76}},"type":"cond-expr","locations":[{"start":{"line":356,"column":64},"end":{"line":356,"column":66}},{"start":{"line":356,"column":69},"end":{"line":356,"column":76}}]},"22":{"loc":{"start":{"line":379,"column":22},"end":{"line":379,"column":98}},"type":"binary-expr","locations":[{"start":{"line":379,"column":22},"end":{"line":379,"column":92}},{"start":{"line":379,"column":96},"end":{"line":379,"column":98}}]},"23":{"loc":{"start":{"line":383,"column":15},"end":{"line":383,"column":77}},"type":"cond-expr","locations":[{"start":{"line":383,"column":27},"end":{"line":383,"column":39}},{"start":{"line":383,"column":42},"end":{"line":383,"column":77}}]},"24":{"loc":{"start":{"line":401,"column":20},"end":{"line":401,"column":44}},"type":"binary-expr","locations":[{"start":{"line":401,"column":20},"end":{"line":401,"column":35}},{"start":{"line":401,"column":39},"end":{"line":401,"column":44}}]},"25":{"loc":{"start":{"line":417,"column":14},"end":{"line":417,"column":24}},"type":"binary-expr","locations":[{"start":{"line":417,"column":14},"end":{"line":417,"column":16}},{"start":{"line":417,"column":20},"end":{"line":417,"column":24}}]},"26":{"loc":{"start":{"line":449,"column":2},"end":{"line":453,"column":3}},"type":"if","locations":[{"start":{"line":449,"column":2},"end":{"line":453,"column":3}}]},"27":{"loc":{"start":{"line":451,"column":22},"end":{"line":451,"column":70}},"type":"binary-expr","locations":[{"start":{"line":451,"column":22},"end":{"line":451,"column":57}},{"start":{"line":451,"column":61},"end":{"line":451,"column":70}}]},"28":{"loc":{"start":{"line":469,"column":14},"end":{"line":469,"column":24}},"type":"binary-expr","locations":[{"start":{"line":469,"column":14},"end":{"line":469,"column":16}},{"start":{"line":469,"column":20},"end":{"line":469,"column":24}}]}},"s":{"0":2,"1":2,"2":2,"3":2,"4":2,"5":2,"6":2,"7":2,"8":2,"9":2,"10":2,"11":2,"12":2,"13":2,"14":2,"15":2,"16":2,"17":2,"18":2,"19":2,"20":2,"21":2,"22":2,"23":2,"24":1,"25":1,"26":0,"27":0,"28":0,"29":0,"30":1,"31":1,"32":1,"33":1,"34":1,"35":1,"36":1,"37":1,"38":2,"39":2,"40":2,"41":0,"42":0,"43":0,"44":0,"45":0,"46":0,"47":0,"48":0,"49":0,"50":0,"51":0,"52":0,"53":0,"54":0,"55":4,"56":4,"57":4,"58":4,"59":4,"60":4,"61":4,"62":4,"63":1,"64":1,"65":1,"66":1,"67":2,"68":2,"69":2,"70":2,"71":0,"72":0,"73":0,"74":0,"75":0,"76":0,"77":0,"78":0,"79":0,"80":0,"81":0,"82":0,"83":0,"84":0,"85":0,"86":0,"87":3,"88":3,"89":3,"90":3,"91":3,"92":3,"93":3,"94":3,"95":7,"96":7,"97":7,"98":7,"99":7,"100":7,"101":7,"102":7,"103":7,"104":7,"105":7},"f":{"0":1,"1":0,"2":1,"3":1,"4":2,"5":0,"6":0,"7":0,"8":0,"9":0,"10":0,"11":0,"12":4,"13":1,"14":1,"15":2,"16":0,"17":0,"18":0,"19":0,"20":0,"21":3,"22":7},"b":{"0":[1,0],"1":[0,0],"2":[1,0],"3":[1,0],"4":[1,0],"5":[2,0],"6":[0,0],"7":[0,0,0],"8":[0,0],"9":[4,0],"10":[4,0],"11":[1,3],"12":[0,3],"13":[1,0],"14":[1,1],"15":[2,0],"16":[0,0],"17":[0,0],"18":[0,0],"19":[0,0],"20":[0,0],"21":[0,0],"22":[3,3],"23":[0,3],"24":[3,0],"25":[3,0],"26":[7],"27":[7,0],"28":[7,1]}}
,"/Users/zaidazmi/Github/polyteller/src/popup/popup.ts": {"path":"/Users/zaidazmi/Github/polyteller/src/popup/popup.ts","statementMap":{"0":{"start":{"line":22,"column":0},"end":{"line":22,"column":7}},"1":{"start":{"line":119,"column":0},"end":{"line":119,"column":7}},"2":{"start":{"line":216,"column":0},"end":{"line":216,"column":16}},"3":{"start":{"line":8,"column":0},"end":{"line":8,"column":29}},"4":{"start":{"line":9,"column":0},"end":{"line":9,"column":40}},"5":{"start":{"line":10,"column":0},"end":{"line":10,"column":88}},"6":{"start":{"line":11,"column":0},"end":{"line":11,"column":120}},"7":{"start":{"line":12,"column":0},"end":{"line":12,"column":58}},"8":{"start":{"line":13,"column":0},"end":{"line":13,"column":42}},"9":{"start":{"line":14,"column":0},"end":{"line":14,"column":67}},"10":{"start":{"line":15,"column":0},"end":{"line":15,"column":71}},"11":{"start":{"line":16,"column":0},"end":{"line":16,"column":71}},"12":{"start":{"line":17,"column":0},"end":{"line":17,"column":63}},"13":{"start":{"line":23,"column":2},"end":{"line":116,"column":3}},"14":{"start":{"line":24,"column":4},"end":{"line":24,"column":30}},"15":{"start":{"line":27,"column":26},"end":{"line":27,"column":75}},"16":{"start":{"line":28,"column":4},"end":{"line":33,"column":5}},"17":{"start":{"line":29,"column":6},"end":{"line":32,"column":9}},"18":{"start":{"line":30,"column":36},"end":{"line":30,"column":82}},"19":{"start":{"line":31,"column":8},"end":{"line":31,"column":57}},"20":{"start":{"line":35,"column":4},"end":{"line":70,"column":7}},"21":{"start":{"line":36,"column":27},"end":{"line":36,"column":38}},"22":{"start":{"line":37,"column":25},"end":{"line":37,"column":43}},"23":{"start":{"line":39,"column":6},"end":{"line":39,"column":43}},"24":{"start":{"line":42,"column":6},"end":{"line":45,"column":7}},"25":{"start":{"line":43,"column":8},"end":{"line":43,"column":23}},"26":{"start":{"line":44,"column":8},"end":{"line":44,"column":15}},"27":{"start":{"line":47,"column":6},"end":{"line":69,"column":7}},"28":{"start":{"line":48,"column":8},"end":{"line":66,"column":11}},"29":{"start":{"line":49,"column":10},"end":{"line":65,"column":11}},"30":{"start":{"line":50,"column":12},"end":{"line":50,"column":54}},"31":{"start":{"line":51,"column":12},"end":{"line":59,"column":13}},"32":{"start":{"line":52,"column":14},"end":{"line":52,"column":123}},"33":{"start":{"line":53,"column":19},"end":{"line":59,"column":13}},"34":{"start":{"line":54,"column":14},"end":{"line":54,"column":53}},"35":{"start":{"line":55,"column":14},"end":{"line":55,"column":33}},"36":{"start":{"line":56,"column":14},"end":{"line":56,"column":34}},"37":{"start":{"line":58,"column":14},"end":{"line":58,"column":90}},"38":{"start":{"line":61,"column":12},"end":{"line":64,"column":13}},"39":{"start":{"line":62,"column":14},"end":{"line":62,"column":33}},"40":{"start":{"line":63,"column":14},"end":{"line":63,"column":111}},"41":{"start":{"line":68,"column":8},"end":{"line":68,"column":86}},"42":{"start":{"line":72,"column":35},"end":{"line":72,"column":100}},"43":{"start":{"line":73,"column":34},"end":{"line":73,"column":98}},"44":{"start":{"line":74,"column":29},"end":{"line":74,"column":83}},"45":{"start":{"line":76,"column":4},"end":{"line":90,"column":5}},"46":{"start":{"line":77,"column":6},"end":{"line":85,"column":9}},"47":{"start":{"line":78,"column":26},"end":{"line":78,"column":79}},"48":{"start":{"line":79,"column":8},"end":{"line":79,"column":41}},"49":{"start":{"line":80,"column":8},"end":{"line":84,"column":9}},"50":{"start":{"line":81,"column":10},"end":{"line":81,"column":31}},"51":{"start":{"line":83,"column":10},"end":{"line":83,"column":49}},"52":{"start":{"line":87,"column":6},"end":{"line":87,"column":71}},"53":{"start":{"line":89,"column":6},"end":{"line":89,"column":88}},"54":{"start":{"line":92,"column":4},"end":{"line":94,"column":7}},"55":{"start":{"line":93,"column":6},"end":{"line":93,"column":58}},"56":{"start":{"line":96,"column":4},"end":{"line":107,"column":7}},"57":{"start":{"line":97,"column":6},"end":{"line":100,"column":7}},"58":{"start":{"line":98,"column":8},"end":{"line":98,"column":76}},"59":{"start":{"line":99,"column":8},"end":{"line":99,"column":58}},"60":{"start":{"line":101,"column":6},"end":{"line":106,"column":7}},"61":{"start":{"line":102,"column":8},"end":{"line":102,"column":74}},"62":{"start":{"line":103,"column":8},"end":{"line":103,"column":51}},"63":{"start":{"line":104,"column":8},"end":{"line":104,"column":31}},"64":{"start":{"line":105,"column":8},"end":{"line":105,"column":28}},"65":{"start":{"line":109,"column":4},"end":{"line":109,"column":40}},"66":{"start":{"line":110,"column":4},"end":{"line":110,"column":34}},"67":{"start":{"line":112,"column":4},"end":{"line":115,"column":5}},"68":{"start":{"line":113,"column":6},"end":{"line":113,"column":25}},"69":{"start":{"line":114,"column":6},"end":{"line":114,"column":132}},"70":{"start":{"line":120,"column":2},"end":{"line":158,"column":5}},"71":{"start":{"line":121,"column":4},"end":{"line":157,"column":5}},"72":{"start":{"line":122,"column":27},"end":{"line":122,"column":59}},"73":{"start":{"line":124,"column":24},"end":{"line":126,"column":14}},"74":{"start":{"line":125,"column":8},"end":{"line":125,"column":103}},"75":{"start":{"line":128,"column":6},"end":{"line":150,"column":9}},"76":{"start":{"line":129,"column":8},"end":{"line":129,"column":32}},"77":{"start":{"line":131,"column":8},"end":{"line":133,"column":9}},"78":{"start":{"line":132,"column":10},"end":{"line":132,"column":101}},"79":{"start":{"line":135,"column":51},"end":{"line":135,"column":79}},"80":{"start":{"line":137,"column":8},"end":{"line":148,"column":9}},"81":{"start":{"line":138,"column":22},"end":{"line":138,"column":32}},"82":{"start":{"line":139,"column":39},"end":{"line":142,"column":12}},"83":{"start":{"line":140,"column":12},"end":{"line":141,"column":89}},"84":{"start":{"line":143,"column":10},"end":{"line":143,"column":70}},"85":{"start":{"line":144,"column":10},"end":{"line":144,"column":69}},"86":{"start":{"line":145,"column":10},"end":{"line":145,"column":33}},"87":{"start":{"line":147,"column":10},"end":{"line":147,"column":68}},"88":{"start":{"line":149,"column":8},"end":{"line":149,"column":18}},"89":{"start":{"line":152,"column":6},"end":{"line":155,"column":7}},"90":{"start":{"line":153,"column":8},"end":{"line":153,"column":27}},"91":{"start":{"line":154,"column":8},"end":{"line":154,"column":133}},"92":{"start":{"line":156,"column":6},"end":{"line":156,"column":16}},"93":{"start":{"line":161,"column":0},"end":{"line":171,"column":3}},"94":{"start":{"line":162,"column":2},"end":{"line":170,"column":3}},"95":{"start":{"line":163,"column":4},"end":{"line":163,"column":71}},"96":{"start":{"line":164,"column":4},"end":{"line":169,"column":7}},"97":{"start":{"line":165,"column":6},"end":{"line":168,"column":7}},"98":{"start":{"line":166,"column":8},"end":{"line":166,"column":27}},"99":{"start":{"line":167,"column":8},"end":{"line":167,"column":62}},"100":{"start":{"line":173,"column":0},"end":{"line":198,"column":3}},"101":{"start":{"line":174,"column":2},"end":{"line":179,"column":5}},"102":{"start":{"line":175,"column":4},"end":{"line":178,"column":5}},"103":{"start":{"line":176,"column":6},"end":{"line":176,"column":25}},"104":{"start":{"line":177,"column":6},"end":{"line":177,"column":50}},"105":{"start":{"line":181,"column":33},"end":{"line":181,"column":98}},"106":{"start":{"line":182,"column":2},"end":{"line":185,"column":5}},"107":{"start":{"line":183,"column":19},"end":{"line":183,"column":52}},"108":{"start":{"line":184,"column":4},"end":{"line":184,"column":54}},"109":{"start":{"line":187,"column":2},"end":{"line":187,"column":32}},"110":{"start":{"line":189,"column":2},"end":{"line":191,"column":5}},"111":{"start":{"line":190,"column":4},"end":{"line":190,"column":23}},"112":{"start":{"line":194,"column":20},"end":{"line":194,"column":56}},"113":{"start":{"line":195,"column":2},"end":{"line":197,"column":3}},"114":{"start":{"line":196,"column":4},"end":{"line":196,"column":48}},"115":{"start":{"line":200,"column":0},"end":{"line":206,"column":3}},"116":{"start":{"line":201,"column":2},"end":{"line":204,"column":3}},"117":{"start":{"line":202,"column":4},"end":{"line":202,"column":29}},"118":{"start":{"line":203,"column":4},"end":{"line":203,"column":86}},"119":{"start":{"line":205,"column":2},"end":{"line":205,"column":25}},"120":{"start":{"line":208,"column":0},"end":{"line":214,"column":3}},"121":{"start":{"line":209,"column":2},"end":{"line":212,"column":3}},"122":{"start":{"line":210,"column":4},"end":{"line":210,"column":30}},"123":{"start":{"line":211,"column":4},"end":{"line":211,"column":86}},"124":{"start":{"line":213,"column":2},"end":{"line":213,"column":25}},"125":{"start":{"line":217,"column":2},"end":{"line":217,"column":61}},"126":{"start":{"line":218,"column":2},"end":{"line":275,"column":5}},"127":{"start":{"line":219,"column":4},"end":{"line":219,"column":46}},"128":{"start":{"line":220,"column":4},"end":{"line":274,"column":5}},"129":{"start":{"line":221,"column":21},"end":{"line":221,"column":93}},"130":{"start":{"line":222,"column":6},"end":{"line":222,"column":45}},"131":{"start":{"line":224,"column":6},"end":{"line":228,"column":7}},"132":{"start":{"line":225,"column":8},"end":{"line":225,"column":58}},"133":{"start":{"line":226,"column":8},"end":{"line":226,"column":23}},"134":{"start":{"line":227,"column":8},"end":{"line":227,"column":15}},"135":{"start":{"line":230,"column":6},"end":{"line":270,"column":9}},"136":{"start":{"line":231,"column":8},"end":{"line":231,"column":54}},"137":{"start":{"line":232,"column":8},"end":{"line":236,"column":9}},"138":{"start":{"line":233,"column":10},"end":{"line":233,"column":81}},"139":{"start":{"line":234,"column":10},"end":{"line":234,"column":25}},"140":{"start":{"line":235,"column":10},"end":{"line":235,"column":17}},"141":{"start":{"line":238,"column":29},"end":{"line":238,"column":69}},"142":{"start":{"line":239,"column":8},"end":{"line":239,"column":63}},"143":{"start":{"line":241,"column":8},"end":{"line":266,"column":9}},"144":{"start":{"line":242,"column":10},"end":{"line":242,"column":40}},"145":{"start":{"line":243,"column":10},"end":{"line":243,"column":68}},"146":{"start":{"line":245,"column":32},"end":{"line":257,"column":11}},"147":{"start":{"line":246,"column":30},"end":{"line":246,"column":44}},"148":{"start":{"line":247,"column":12},"end":{"line":247,"column":65}},"149":{"start":{"line":248,"column":12},"end":{"line":256,"column":15}},"150":{"start":{"line":249,"column":14},"end":{"line":249,"column":86}},"151":{"start":{"line":250,"column":14},"end":{"line":255,"column":17}},"152":{"start":{"line":251,"column":37},"end":{"line":251,"column":48}},"153":{"start":{"line":252,"column":16},"end":{"line":254,"column":17}},"154":{"start":{"line":253,"column":18},"end":{"line":253,"column":115}},"155":{"start":{"line":259,"column":10},"end":{"line":259,"column":59}},"156":{"start":{"line":261,"column":10},"end":{"line":261,"column":26}},"157":{"start":{"line":263,"column":10},"end":{"line":263,"column":52}},"158":{"start":{"line":264,"column":10},"end":{"line":264,"column":25}},"159":{"start":{"line":265,"column":10},"end":{"line":265,"column":17}},"160":{"start":{"line":268,"column":8},"end":{"line":268,"column":61}},"161":{"start":{"line":269,"column":8},"end":{"line":269,"column":30}},"162":{"start":{"line":272,"column":6},"end":{"line":272,"column":68}},"163":{"start":{"line":273,"column":6},"end":{"line":273,"column":21}}},"fnMap":{"0":{"name":"initPopup","decl":{"start":{"line":22,"column":22},"end":{"line":22,"column":31}},"loc":{"start":{"line":22,"column":31},"end":{"line":117,"column":1}}},"1":{"name":"(anonymous_1)","decl":{"start":{"line":29,"column":46},"end":{"line":29,"column":49}},"loc":{"start":{"line":29,"column":51},"end":{"line":32,"column":7}}},"2":{"name":"(anonymous_2)","decl":{"start":{"line":35,"column":59},"end":{"line":35,"column":60}},"loc":{"start":{"line":35,"column":68},"end":{"line":70,"column":5}}},"3":{"name":"(anonymous_3)","decl":{"start":{"line":48,"column":84},"end":{"line":48,"column":85}},"loc":{"start":{"line":48,"column":121},"end":{"line":66,"column":9}}},"4":{"name":"(anonymous_4)","decl":{"start":{"line":77,"column":56},"end":{"line":77,"column":57}},"loc":{"start":{"line":77,"column":66},"end":{"line":85,"column":7}}},"5":{"name":"(anonymous_5)","decl":{"start":{"line":92,"column":29},"end":{"line":92,"column":34}},"loc":{"start":{"line":92,"column":37},"end":{"line":94,"column":5}}},"6":{"name":"(anonymous_6)","decl":{"start":{"line":96,"column":41},"end":{"line":96,"column":42}},"loc":{"start":{"line":96,"column":75},"end":{"line":107,"column":5}}},"7":{"name":"loadNotifications","decl":{"start":{"line":119,"column":22},"end":{"line":119,"column":39}},"loc":{"start":{"line":119,"column":39},"end":{"line":159,"column":1}}},"8":{"name":"(anonymous_8)","decl":{"start":{"line":120,"column":21},"end":{"line":120,"column":22}},"loc":{"start":{"line":120,"column":33},"end":{"line":158,"column":3}}},"9":{"name":"(anonymous_9)","decl":{"start":{"line":124,"column":35},"end":{"line":124,"column":38}},"loc":{"start":{"line":124,"column":40},"end":{"line":126,"column":7}}},"10":{"name":"(anonymous_10)","decl":{"start":{"line":128,"column":71},"end":{"line":128,"column":72}},"loc":{"start":{"line":128,"column":84},"end":{"line":150,"column":7}}},"11":{"name":"(anonymous_11)","decl":{"start":{"line":139,"column":60},"end":{"line":139,"column":72}},"loc":{"start":{"line":139,"column":75},"end":{"line":142,"column":11}}},"12":{"name":"(anonymous_12)","decl":{"start":{"line":161,"column":37},"end":{"line":161,"column":38}},"loc":{"start":{"line":161,"column":71},"end":{"line":171,"column":1}}},"13":{"name":"(anonymous_13)","decl":{"start":{"line":164,"column":30},"end":{"line":164,"column":35}},"loc":{"start":{"line":164,"column":38},"end":{"line":169,"column":5}}},"14":{"name":"(anonymous_14)","decl":{"start":{"line":173,"column":46},"end":{"line":173,"column":49}},"loc":{"start":{"line":173,"column":51},"end":{"line":198,"column":1}}},"15":{"name":"(anonymous_15)","decl":{"start":{"line":174,"column":20},"end":{"line":174,"column":25}},"loc":{"start":{"line":174,"column":28},"end":{"line":179,"column":3}}},"16":{"name":"(anonymous_16)","decl":{"start":{"line":182,"column":52},"end":{"line":182,"column":53}},"loc":{"start":{"line":182,"column":62},"end":{"line":185,"column":3}}},"17":{"name":"(anonymous_17)","decl":{"start":{"line":189,"column":36},"end":{"line":189,"column":39}},"loc":{"start":{"line":189,"column":41},"end":{"line":191,"column":3}}},"18":{"name":"(anonymous_18)","decl":{"start":{"line":200,"column":33},"end":{"line":200,"column":34}},"loc":{"start":{"line":200,"column":55},"end":{"line":206,"column":1}}},"19":{"name":"(anonymous_19)","decl":{"start":{"line":208,"column":46},"end":{"line":208,"column":47}},"loc":{"start":{"line":208,"column":79},"end":{"line":214,"column":1}}},"20":{"name":"initTradeConfirmationToggle","decl":{"start":{"line":216,"column":16},"end":{"line":216,"column":43}},"loc":{"start":{"line":216,"column":43},"end":{"line":276,"column":1}}},"21":{"name":"(anonymous_21)","decl":{"start":{"line":218,"column":21},"end":{"line":218,"column":22}},"loc":{"start":{"line":218,"column":33},"end":{"line":275,"column":3}}},"22":{"name":"(anonymous_22)","decl":{"start":{"line":230,"column":58},"end":{"line":230,"column":59}},"loc":{"start":{"line":230,"column":69},"end":{"line":270,"column":7}}},"23":{"name":"(anonymous_23)","decl":{"start":{"line":245,"column":32},"end":{"line":245,"column":35}},"loc":{"start":{"line":245,"column":37},"end":{"line":257,"column":11}}},"24":{"name":"(anonymous_24)","decl":{"start":{"line":248,"column":77},"end":{"line":248,"column":80}},"loc":{"start":{"line":248,"column":82},"end":{"line":256,"column":13}}},"25":{"name":"(anonymous_25)","decl":{"start":{"line":250,"column":69},"end":{"line":250,"column":70}},"loc":{"start":{"line":250,"column":78},"end":{"line":255,"column":15}}}},"branchMap":{"0":{"loc":{"start":{"line":28,"column":4},"end":{"line":33,"column":5}},"type":"if","locations":[{"start":{"line":28,"column":4},"end":{"line":33,"column":5}}]},"1":{"loc":{"start":{"line":37,"column":25},"end":{"line":37,"column":43}},"type":"binary-expr","locations":[{"start":{"line":37,"column":25},"end":{"line":37,"column":37}},{"start":{"line":37,"column":41},"end":{"line":37,"column":43}}]},"2":{"loc":{"start":{"line":42,"column":6},"end":{"line":45,"column":7}},"type":"if","locations":[{"start":{"line":42,"column":6},"end":{"line":45,"column":7}}]},"3":{"loc":{"start":{"line":47,"column":6},"end":{"line":69,"column":7}},"type":"if","locations":[{"start":{"line":47,"column":6},"end":{"line":69,"column":7}},{"start":{"line":67,"column":13},"end":{"line":69,"column":7}}]},"4":{"loc":{"start":{"line":51,"column":12},"end":{"line":59,"column":13}},"type":"if","locations":[{"start":{"line":51,"column":12},"end":{"line":59,"column":13}},{"start":{"line":53,"column":19},"end":{"line":59,"column":13}}]},"5":{"loc":{"start":{"line":53,"column":19},"end":{"line":59,"column":13}},"type":"if","locations":[{"start":{"line":53,"column":19},"end":{"line":59,"column":13}},{"start":{"line":57,"column":19},"end":{"line":59,"column":13}}]},"6":{"loc":{"start":{"line":61,"column":12},"end":{"line":64,"column":13}},"type":"if","locations":[{"start":{"line":61,"column":12},"end":{"line":64,"column":13}}]},"7":{"loc":{"start":{"line":61,"column":16},"end":{"line":61,"column":74}},"type":"binary-expr","locations":[{"start":{"line":61,"column":16},"end":{"line":61,"column":38}},{"start":{"line":61,"column":42},"end":{"line":61,"column":74}}]},"8":{"loc":{"start":{"line":63,"column":27},"end":{"line":63,"column":109}},"type":"cond-expr","locations":[{"start":{"line":63,"column":62},"end":{"line":63,"column":75}},{"start":{"line":63,"column":78},"end":{"line":63,"column":109}}]},"9":{"loc":{"start":{"line":76,"column":4},"end":{"line":90,"column":5}},"type":"if","locations":[{"start":{"line":76,"column":4},"end":{"line":90,"column":5}},{"start":{"line":88,"column":11},"end":{"line":90,"column":5}}]},"10":{"loc":{"start":{"line":76,"column":8},"end":{"line":76,"column":55}},"type":"binary-expr","locations":[{"start":{"line":76,"column":8},"end":{"line":76,"column":30}},{"start":{"line":76,"column":34},"end":{"line":76,"column":55}}]},"11":{"loc":{"start":{"line":80,"column":8},"end":{"line":84,"column":9}},"type":"if","locations":[{"start":{"line":80,"column":8},"end":{"line":84,"column":9}},{"start":{"line":82,"column":15},"end":{"line":84,"column":9}}]},"12":{"loc":{"start":{"line":97,"column":6},"end":{"line":100,"column":7}},"type":"if","locations":[{"start":{"line":97,"column":6},"end":{"line":100,"column":7}}]},"13":{"loc":{"start":{"line":101,"column":6},"end":{"line":106,"column":7}},"type":"if","locations":[{"start":{"line":101,"column":6},"end":{"line":106,"column":7}}]},"14":{"loc":{"start":{"line":112,"column":4},"end":{"line":115,"column":5}},"type":"if","locations":[{"start":{"line":112,"column":4},"end":{"line":115,"column":5}}]},"15":{"loc":{"start":{"line":112,"column":8},"end":{"line":112,"column":66}},"type":"binary-expr","locations":[{"start":{"line":112,"column":8},"end":{"line":112,"column":30}},{"start":{"line":112,"column":34},"end":{"line":112,"column":66}}]},"16":{"loc":{"start":{"line":114,"column":19},"end":{"line":114,"column":130}},"type":"cond-expr","locations":[{"start":{"line":114,"column":54},"end":{"line":114,"column":67}},{"start":{"line":114,"column":70},"end":{"line":114,"column":130}}]},"17":{"loc":{"start":{"line":131,"column":8},"end":{"line":133,"column":9}},"type":"if","locations":[{"start":{"line":131,"column":8},"end":{"line":133,"column":9}}]},"18":{"loc":{"start":{"line":135,"column":51},"end":{"line":135,"column":79}},"type":"binary-expr","locations":[{"start":{"line":135,"column":51},"end":{"line":135,"column":73}},{"start":{"line":135,"column":77},"end":{"line":135,"column":79}}]},"19":{"loc":{"start":{"line":137,"column":8},"end":{"line":148,"column":9}},"type":"if","locations":[{"start":{"line":137,"column":8},"end":{"line":148,"column":9}},{"start":{"line":146,"column":15},"end":{"line":148,"column":9}}]},"20":{"loc":{"start":{"line":140,"column":19},"end":{"line":141,"column":88}},"type":"binary-expr","locations":[{"start":{"line":140,"column":19},"end":{"line":140,"column":59}},{"start":{"line":141,"column":19},"end":{"line":141,"column":88}}]},"21":{"loc":{"start":{"line":152,"column":6},"end":{"line":155,"column":7}},"type":"if","locations":[{"start":{"line":152,"column":6},"end":{"line":155,"column":7}}]},"22":{"loc":{"start":{"line":152,"column":10},"end":{"line":152,"column":68}},"type":"binary-expr","locations":[{"start":{"line":152,"column":10},"end":{"line":152,"column":32}},{"start":{"line":152,"column":36},"end":{"line":152,"column":68}}]},"23":{"loc":{"start":{"line":154,"column":21},"end":{"line":154,"column":131}},"type":"cond-expr","locations":[{"start":{"line":154,"column":56},"end":{"line":154,"column":69}},{"start":{"line":154,"column":72},"end":{"line":154,"column":131}}]},"24":{"loc":{"start":{"line":162,"column":2},"end":{"line":170,"column":3}},"type":"if","locations":[{"start":{"line":162,"column":2},"end":{"line":170,"column":3}}]},"25":{"loc":{"start":{"line":165,"column":6},"end":{"line":168,"column":7}},"type":"if","locations":[{"start":{"line":165,"column":6},"end":{"line":168,"column":7}}]},"26":{"loc":{"start":{"line":165,"column":10},"end":{"line":165,"column":68}},"type":"binary-expr","locations":[{"start":{"line":165,"column":10},"end":{"line":165,"column":32}},{"start":{"line":165,"column":36},"end":{"line":165,"column":68}}]},"27":{"loc":{"start":{"line":175,"column":4},"end":{"line":178,"column":5}},"type":"if","locations":[{"start":{"line":175,"column":4},"end":{"line":178,"column":5}}]},"28":{"loc":{"start":{"line":175,"column":8},"end":{"line":175,"column":66}},"type":"binary-expr","locations":[{"start":{"line":175,"column":8},"end":{"line":175,"column":30}},{"start":{"line":175,"column":34},"end":{"line":175,"column":66}}]},"29":{"loc":{"start":{"line":195,"column":2},"end":{"line":197,"column":3}},"type":"if","locations":[{"start":{"line":195,"column":2},"end":{"line":197,"column":3}}]},"30":{"loc":{"start":{"line":201,"column":2},"end":{"line":204,"column":3}},"type":"if","locations":[{"start":{"line":201,"column":2},"end":{"line":204,"column":3}}]},"31":{"loc":{"start":{"line":201,"column":6},"end":{"line":201,"column":76}},"type":"binary-expr","locations":[{"start":{"line":201,"column":6},"end":{"line":201,"column":34}},{"start":{"line":201,"column":38},"end":{"line":201,"column":76}}]},"32":{"loc":{"start":{"line":209,"column":2},"end":{"line":212,"column":3}},"type":"if","locations":[{"start":{"line":209,"column":2},"end":{"line":212,"column":3}}]},"33":{"loc":{"start":{"line":209,"column":6},"end":{"line":209,"column":78}},"type":"binary-expr","locations":[{"start":{"line":209,"column":6},"end":{"line":209,"column":35}},{"start":{"line":209,"column":39},"end":{"line":209,"column":78}}]},"34":{"loc":{"start":{"line":224,"column":6},"end":{"line":228,"column":7}},"type":"if","locations":[{"start":{"line":224,"column":6},"end":{"line":228,"column":7}}]},"35":{"loc":{"start":{"line":224,"column":10},"end":{"line":224,"column":79}},"type":"binary-expr","locations":[{"start":{"line":224,"column":10},"end":{"line":224,"column":25}},{"start":{"line":224,"column":29},"end":{"line":224,"column":50}},{"start":{"line":224,"column":54},"end":{"line":224,"column":79}}]},"36":{"loc":{"start":{"line":232,"column":8},"end":{"line":236,"column":9}},"type":"if","locations":[{"start":{"line":232,"column":8},"end":{"line":236,"column":9}}]},"37":{"loc":{"start":{"line":241,"column":8},"end":{"line":266,"column":9}},"type":"if","locations":[{"start":{"line":241,"column":8},"end":{"line":266,"column":9}},{"start":{"line":262,"column":15},"end":{"line":266,"column":9}}]},"38":{"loc":{"start":{"line":249,"column":48},"end":{"line":249,"column":82}},"type":"cond-expr","locations":[{"start":{"line":249,"column":60},"end":{"line":249,"column":69}},{"start":{"line":249,"column":72},"end":{"line":249,"column":82}}]},"39":{"loc":{"start":{"line":252,"column":16},"end":{"line":254,"column":17}},"type":"if","locations":[{"start":{"line":252,"column":16},"end":{"line":254,"column":17}}]}},"s":{"0":2,"1":2,"2":2,"3":2,"4":2,"5":2,"6":2,"7":2,"8":2,"9":2,"10":2,"11":2,"12":2,"13":5,"14":5,"15":5,"16":5,"17":5,"18":1,"19":1,"20":5,"21":5,"22":5,"23":5,"24":5,"25":0,"26":0,"27":5,"28":5,"29":5,"30":5,"31":5,"32":0,"33":5,"34":4,"35":4,"36":4,"37":1,"38":1,"39":1,"40":1,"41":0,"42":5,"43":5,"44":5,"45":5,"46":5,"47":1,"48":1,"49":1,"50":1,"51":0,"52":5,"53":0,"54":5,"55":20,"56":5,"57":0,"58":0,"59":0,"60":0,"61":0,"62":0,"63":0,"64":0,"65":0,"66":0,"67":5,"68":5,"69":5,"70":5,"71":5,"72":5,"73":5,"74":0,"75":5,"76":5,"77":5,"78":0,"79":5,"80":5,"81":5,"82":5,"83":0,"84":5,"85":5,"86":5,"87":0,"88":5,"89":0,"90":0,"91":0,"92":0,"93":2,"94":0,"95":0,"96":0,"97":0,"98":0,"99":0,"100":2,"101":0,"102":0,"103":0,"104":0,"105":0,"106":0,"107":0,"108":0,"109":0,"110":0,"111":0,"112":0,"113":0,"114":0,"115":2,"116":2,"117":2,"118":2,"119":2,"120":2,"121":0,"122":0,"123":0,"124":0,"125":0,"126":0,"127":0,"128":0,"129":0,"130":0,"131":0,"132":0,"133":0,"134":0,"135":0,"136":0,"137":0,"138":0,"139":0,"140":0,"141":0,"142":0,"143":0,"144":0,"145":0,"146":0,"147":0,"148":0,"149":0,"150":0,"151":0,"152":0,"153":0,"154":0,"155":0,"156":0,"157":0,"158":0,"159":0,"160":0,"161":0,"162":0,"163":0},"f":{"0":5,"1":1,"2":5,"3":5,"4":1,"5":20,"6":0,"7":5,"8":5,"9":0,"10":5,"11":0,"12":0,"13":0,"14":0,"15":0,"16":0,"17":0,"18":2,"19":0,"20":0,"21":0,"22":0,"23":0,"24":0,"25":0},"b":{"0":[5],"1":[5,5],"2":[0],"3":[5,0],"4":[0,5],"5":[4,1],"6":[1],"7":[1,0],"8":[1,0],"9":[5,0],"10":[5,5],"11":[1,0],"12":[0],"13":[0],"14":[5],"15":[5,0],"16":[0,5],"17":[0],"18":[5,5],"19":[5,0],"20":[0,0],"21":[0],"22":[0,0],"23":[0,0],"24":[0],"25":[0],"26":[0,0],"27":[0],"28":[0,0],"29":[0],"30":[2],"31":[2,0],"32":[0],"33":[0,0],"34":[0],"35":[0,0,0],"36":[0],"37":[0,0],"38":[0,0],"39":[0]}}
,"/Users/zaidazmi/Github/polyteller/src/popup/utils.ts": {"path":"/Users/zaidazmi/Github/polyteller/src/popup/utils.ts","statementMap":{"0":{"start":{"line":6,"column":0},"end":{"line":6,"column":16}},"1":{"start":{"line":7,"column":25},"end":{"line":7,"column":67}},"2":{"start":{"line":10,"column":4},"end":{"line":14,"column":5}},"3":{"start":{"line":11,"column":8},"end":{"line":11,"column":55}},"4":{"start":{"line":12,"column":8},"end":{"line":12,"column":53}},"5":{"start":{"line":13,"column":8},"end":{"line":13,"column":50}},"6":{"start":{"line":16,"column":18},"end":{"line":16,"column":47}},"7":{"start":{"line":17,"column":4},"end":{"line":17,"column":73}},"8":{"start":{"line":18,"column":4},"end":{"line":18,"column":32}},"9":{"start":{"line":21,"column":4},"end":{"line":21,"column":34}},"10":{"start":{"line":22,"column":4},"end":{"line":22,"column":38}},"11":{"start":{"line":25,"column":4},"end":{"line":27,"column":11}},"12":{"start":{"line":26,"column":8},"end":{"line":26,"column":36}},"13":{"start":{"line":30,"column":4},"end":{"line":37,"column":13}},"14":{"start":{"line":31,"column":8},"end":{"line":31,"column":39}},"15":{"start":{"line":32,"column":8},"end":{"line":36,"column":16}},"16":{"start":{"line":33,"column":12},"end":{"line":35,"column":13}},"17":{"start":{"line":34,"column":16},"end":{"line":34,"column":50}}},"fnMap":{"0":{"name":"displayStatus","decl":{"start":{"line":6,"column":16},"end":{"line":6,"column":29}},"loc":{"start":{"line":6,"column":72},"end":{"line":38,"column":1}}},"1":{"name":"(anonymous_1)","decl":{"start":{"line":25,"column":15},"end":{"line":25,"column":18}},"loc":{"start":{"line":25,"column":20},"end":{"line":27,"column":5}}},"2":{"name":"(anonymous_2)","decl":{"start":{"line":30,"column":15},"end":{"line":30,"column":18}},"loc":{"start":{"line":30,"column":20},"end":{"line":37,"column":5}}},"3":{"name":"(anonymous_3)","decl":{"start":{"line":32,"column":19},"end":{"line":32,"column":22}},"loc":{"start":{"line":32,"column":24},"end":{"line":36,"column":9}}}},"branchMap":{"0":{"loc":{"start":{"line":6,"column":47},"end":{"line":6,"column":72}},"type":"default-arg","locations":[{"start":{"line":6,"column":68},"end":{"line":6,"column":72}}]},"1":{"loc":{"start":{"line":10,"column":4},"end":{"line":14,"column":5}},"type":"if","locations":[{"start":{"line":10,"column":4},"end":{"line":14,"column":5}}]},"2":{"loc":{"start":{"line":17,"column":39},"end":{"line":17,"column":70}},"type":"cond-expr","locations":[{"start":{"line":17,"column":51},"end":{"line":17,"column":60}},{"start":{"line":17,"column":63},"end":{"line":17,"column":70}}]},"3":{"loc":{"start":{"line":33,"column":12},"end":{"line":35,"column":13}},"type":"if","locations":[{"start":{"line":33,"column":12},"end":{"line":35,"column":13}}]}},"s":{"0":3,"1":0,"2":0,"3":0,"4":0,"5":0,"6":0,"7":0,"8":0,"9":0,"10":0,"11":0,"12":0,"13":0,"14":0,"15":0,"16":0,"17":0},"f":{"0":0,"1":0,"2":0,"3":0},"b":{"0":[0],"1":[0],"2":[0,0],"3":[0]}}
,"/Users/zaidazmi/Github/polyteller/src/popup/components/countdown.ts": {"path":"/Users/zaidazmi/Github/polyteller/src/popup/components/countdown.ts","statementMap":{"0":{"start":{"line":19,"column":0},"end":{"line":19,"column":16}},"1":{"start":{"line":73,"column":0},"end":{"line":73,"column":16}},"2":{"start":{"line":7,"column":0},"end":{"line":7,"column":64}},"3":{"start":{"line":8,"column":0},"end":{"line":8,"column":59}},"4":{"start":{"line":9,"column":0},"end":{"line":9,"column":61}},"5":{"start":{"line":10,"column":0},"end":{"line":10,"column":73}},"6":{"start":{"line":11,"column":0},"end":{"line":11,"column":43}},"7":{"start":{"line":13,"column":39},"end":{"line":13,"column":43}},"8":{"start":{"line":21,"column":2},"end":{"line":24,"column":3}},"9":{"start":{"line":22,"column":4},"end":{"line":22,"column":18}},"10":{"start":{"line":23,"column":4},"end":{"line":23,"column":23}},"11":{"start":{"line":26,"column":27},"end":{"line":26,"column":63}},"12":{"start":{"line":27,"column":30},"end":{"line":27,"column":71}},"13":{"start":{"line":28,"column":30},"end":{"line":28,"column":71}},"14":{"start":{"line":30,"column":2},"end":{"line":33,"column":3}},"15":{"start":{"line":31,"column":4},"end":{"line":31,"column":52}},"16":{"start":{"line":32,"column":4},"end":{"line":32,"column":11}},"17":{"start":{"line":36,"column":2},"end":{"line":36,"column":38}},"18":{"start":{"line":37,"column":2},"end":{"line":37,"column":41}},"19":{"start":{"line":38,"column":2},"end":{"line":38,"column":41}},"20":{"start":{"line":40,"column":27},"end":{"line":40,"column":57}},"21":{"start":{"line":41,"column":2},"end":{"line":41,"column":44}},"22":{"start":{"line":43,"column":2},"end":{"line":57,"column":5}},"23":{"start":{"line":44,"column":4},"end":{"line":44,"column":34}},"24":{"start":{"line":44,"column":27},"end":{"line":44,"column":34}},"25":{"start":{"line":46,"column":4},"end":{"line":56,"column":5}},"26":{"start":{"line":47,"column":6},"end":{"line":47,"column":55}},"27":{"start":{"line":48,"column":22},"end":{"line":48,"column":49}},"28":{"start":{"line":49,"column":6},"end":{"line":52,"column":8}},"29":{"start":{"line":53,"column":6},"end":{"line":53,"column":49}},"30":{"start":{"line":55,"column":6},"end":{"line":55,"column":68}},"31":{"start":{"line":60,"column":18},"end":{"line":60,"column":45}},"32":{"start":{"line":61,"column":28},"end":{"line":61,"column":46}},"33":{"start":{"line":62,"column":32},"end":{"line":62,"column":78}},"34":{"start":{"line":64,"column":2},"end":{"line":67,"column":4}},"35":{"start":{"line":74,"column":2},"end":{"line":77,"column":3}},"36":{"start":{"line":75,"column":4},"end":{"line":75,"column":18}},"37":{"start":{"line":76,"column":4},"end":{"line":76,"column":23}}},"fnMap":{"0":{"name":"displayCountdown","decl":{"start":{"line":19,"column":16},"end":{"line":19,"column":32}},"loc":{"start":{"line":19,"column":59},"end":{"line":68,"column":1}}},"1":{"name":"(anonymous_1)","decl":{"start":{"line":43,"column":57},"end":{"line":43,"column":58}},"loc":{"start":{"line":43,"column":70},"end":{"line":57,"column":3}}},"2":{"name":"cleanupCountdown","decl":{"start":{"line":73,"column":16},"end":{"line":73,"column":32}},"loc":{"start":{"line":73,"column":32},"end":{"line":78,"column":1}}}},"branchMap":{"0":{"loc":{"start":{"line":21,"column":2},"end":{"line":24,"column":3}},"type":"if","locations":[{"start":{"line":21,"column":2},"end":{"line":24,"column":3}}]},"1":{"loc":{"start":{"line":30,"column":2},"end":{"line":33,"column":3}},"type":"if","locations":[{"start":{"line":30,"column":2},"end":{"line":33,"column":3}}]},"2":{"loc":{"start":{"line":30,"column":6},"end":{"line":30,"column":71}},"type":"binary-expr","locations":[{"start":{"line":30,"column":6},"end":{"line":30,"column":23}},{"start":{"line":30,"column":27},"end":{"line":30,"column":47}},{"start":{"line":30,"column":51},"end":{"line":30,"column":71}}]},"3":{"loc":{"start":{"line":44,"column":4},"end":{"line":44,"column":34}},"type":"if","locations":[{"start":{"line":44,"column":4},"end":{"line":44,"column":34}}]},"4":{"loc":{"start":{"line":46,"column":4},"end":{"line":56,"column":5}},"type":"if","locations":[{"start":{"line":46,"column":4},"end":{"line":56,"column":5}},{"start":{"line":54,"column":11},"end":{"line":56,"column":5}}]},"5":{"loc":{"start":{"line":74,"column":2},"end":{"line":77,"column":3}},"type":"if","locations":[{"start":{"line":74,"column":2},"end":{"line":77,"column":3}}]}},"s":{"0":3,"1":3,"2":3,"3":3,"4":3,"5":3,"6":3,"7":3,"8":0,"9":0,"10":0,"11":0,"12":0,"13":0,"14":0,"15":0,"16":0,"17":0,"18":0,"19":0,"20":0,"21":0,"22":0,"23":0,"24":0,"25":0,"26":0,"27":0,"28":0,"29":0,"30":0,"31":0,"32":0,"33":0,"34":0,"35":0,"36":0,"37":0},"f":{"0":0,"1":0,"2":0},"b":{"0":[0],"1":[0],"2":[0,0,0],"3":[0],"4":[0,0],"5":[0]}}
,"/Users/zaidazmi/Github/polyteller/src/popup/components/customTimeValidation.ts": {"path":"/Users/zaidazmi/Github/polyteller/src/popup/components/customTimeValidation.ts","statementMap":{"0":{"start":{"line":6,"column":0},"end":{"line":6,"column":16}},"1":{"start":{"line":1,"column":0},"end":{"line":1,"column":45}},"2":{"start":{"line":7,"column":20},"end":{"line":7,"column":78}},"3":{"start":{"line":8,"column":21},"end":{"line":8,"column":80}},"4":{"start":{"line":9,"column":23},"end":{"line":9,"column":84}},"5":{"start":{"line":10,"column":23},"end":{"line":10,"column":84}},"6":{"start":{"line":11,"column":32},"end":{"line":11,"column":96}},"7":{"start":{"line":12,"column":23},"end":{"line":12,"column":85}},"8":{"start":{"line":14,"column":17},"end":{"line":14,"column":68}},"9":{"start":{"line":15,"column":23},"end":{"line":15,"column":55}},"10":{"start":{"line":17,"column":2},"end":{"line":22,"column":3}},"11":{"start":{"line":18,"column":4},"end":{"line":18,"column":42}},"12":{"start":{"line":19,"column":4},"end":{"line":19,"column":52}},"13":{"start":{"line":20,"column":4},"end":{"line":20,"column":41}},"14":{"start":{"line":21,"column":4},"end":{"line":21,"column":11}},"15":{"start":{"line":25,"column":24},"end":{"line":25,"column":57}},"16":{"start":{"line":26,"column":24},"end":{"line":26,"column":73}},"17":{"start":{"line":29,"column":15},"end":{"line":29,"column":45}},"18":{"start":{"line":30,"column":16},"end":{"line":30,"column":47}},"19":{"start":{"line":31,"column":18},"end":{"line":31,"column":51}},"20":{"start":{"line":32,"column":18},"end":{"line":32,"column":51}},"21":{"start":{"line":35,"column":53},"end":{"line":40,"column":4}},"22":{"start":{"line":44,"column":4},"end":{"line":47,"column":18}},"23":{"start":{"line":50,"column":2},"end":{"line":57,"column":3}},"24":{"start":{"line":51,"column":4},"end":{"line":51,"column":42}},"25":{"start":{"line":52,"column":4},"end":{"line":52,"column":40}},"26":{"start":{"line":53,"column":4},"end":{"line":55,"column":7}},"27":{"start":{"line":54,"column":6},"end":{"line":54,"column":35}},"28":{"start":{"line":56,"column":4},"end":{"line":56,"column":11}},"29":{"start":{"line":59,"column":27},"end":{"line":59,"column":85}},"30":{"start":{"line":62,"column":18},"end":{"line":62,"column":20}},"31":{"start":{"line":63,"column":2},"end":{"line":75,"column":3}},"32":{"start":{"line":64,"column":4},"end":{"line":64,"column":70}},"33":{"start":{"line":66,"column":4},"end":{"line":68,"column":7}},"34":{"start":{"line":67,"column":6},"end":{"line":67,"column":38}},"35":{"start":{"line":71,"column":4},"end":{"line":74,"column":7}},"36":{"start":{"line":72,"column":24},"end":{"line":72,"column":90}},"37":{"start":{"line":73,"column":6},"end":{"line":73,"column":64}},"38":{"start":{"line":78,"
[...]
"column":43}},"100":{"start":{"line":259,"column":20},"end":{"line":259,"column":75}},"101":{"start":{"line":260,"column":18},"end":{"line":260,"column":66}},"102":{"start":{"line":262,"column":19},"end":{"line":262,"column":69}},"103":{"start":{"line":263,"column":6},"end":{"line":265,"column":7}},"104":{"start":{"line":264,"column":8},"end":{"line":264,"column":66}},"105":{"start":{"line":266,"column":6},"end":{"line":266,"column":18}},"106":{"start":{"line":269,"column":4},"end":{"line":280,"column":5}},"107":{"start":{"line":270,"column":22},"end":{"line":270,"column":42}},"108":{"start":{"line":271,"column":19},"end":{"line":271,"column":43}},"109":{"start":{"line":272,"column":20},"end":{"line":272,"column":75}},"110":{"start":{"line":273,"column":18},"end":{"line":273,"column":66}},"111":{"start":{"line":275,"column":19},"end":{"line":275,"column":69}},"112":{"start":{"line":276,"column":6},"end":{"line":278,"column":7}},"113":{"start":{"line":277,"column":8},"end":{"line":277,"column":66}},"114":{"start":{"line":279,"column":6},"end":{"line":279,"column":18}},"115":{"start":{"line":281,"column":4},"end":{"line":281,"column":32}},"116":{"start":{"line":285,"column":2},"end":{"line":285,"column":30}}},"fnMap":{"0":{"name":"getTimeRemaining","decl":{"start":{"line":13,"column":16},"end":{"line":13,"column":32}},"loc":{"start":{"line":13,"column":48},"end":{"line":16,"column":1}}},"1":{"name":"formatDate","decl":{"start":{"line":23,"column":16},"end":{"line":23,"column":26}},"loc":{"start":{"line":23,"column":37},"end":{"line":34,"column":1}}},"2":{"name":"isValidTimestamp","decl":{"start":{"line":41,"column":16},"end":{"line":41,"column":32}},"loc":{"start":{"line":41,"column":50},"end":{"line":43,"column":1}}},"3":{"name":"formatFullNotificationTime","decl":{"start":{"line":50,"column":16},"end":{"line":50,"column":42}},"loc":{"start":{"line":50,"column":64},"end":{"line":63,"column":1}}},"4":{"name":"formatRemainingTime","decl":{"start":{"line":70,"column":16},"end":{"line":70,"column":35}},"loc":{"start":{"line":70,"column":56},"end":{"line":83,"column":1}}},"5":{"name":"calculateTimeRemaining","decl":{"start":{"line":90,"column":16},"end":{"line":90,"column":38}},"loc":{"start":{"line":90,"column":54},"end":{"line":98,"column":1}}},"6":{"name":"formatCountdown","decl":{"start":{"line":105,"column":16},"end":{"line":105,"column":31}},"loc":{"start":{"line":105,"column":48},"end":{"line":125,"column":1}}},"7":{"name":"formatLocalEndDate","decl":{"start":{"line":133,"column":16},"end":{"line":133,"column":34}},"loc":{"start":{"line":133,"column":63},"end":{"line":144,"column":1}}},"8":{"name":"parseCustomDate","decl":{"start":{"line":152,"column":16},"end":{"line":152,"column":31}},"loc":{"start":{"line":152,"column":68},"end":{"line":286,"column":1}}}},"branchMap":{"0":{"loc":{"start":{"line":42,"column":9},"end":{"line":42,"column":66}},"type":"binary-expr","locations":[{"start":{"line":42,"column":9},"end":{"line":42,"column":26}},{"start":{"line":42,"column":30},"end":{"line":42,"column":49}},{"start":{"line":42,"column":53},"end":{"line":42,"column":66}}]},"1":{"loc":{"start":{"line":57,"column":2},"end":{"line":57,"column":39}},"type":"if","locations":[{"start":{"line":57,"column":2},"end":{"line":57,"column":39}}]},"2":{"loc":{"start":{"line":58,"column":2},"end":{"line":58,"column":41}},"type":"if","locations":[{"start":{"line":58,"column":2},"end":{"line":58,"column":41}}]},"3":{"loc":{"start":{"line":59,"column":2},"end":{"line":59,"column":45}},"type":"if","locations":[{"start":{"line":59,"column":2},"end":{"line":59,"column":45}}]},"4":{"loc":{"start":{"line":60,"column":2},"end":{"line":60,"column":45}},"type":"if","locations":[{"start":{"line":60,"column":2},"end":{"line":60,"column":45}}]},"5":{"loc":{"start":{"line":74,"column":2},"end":{"line":74,"column":66}},"type":"if","locations":[{"start":{"line":74,"column":2},"end":{"line":74,"column":66}}]},"6":{"loc":{"start":{"line":74,"column":41},"end":{"line":74,"column":62}},"type":"cond-expr","locations":[{"start":{"line":74,"column":54},"end":{"line":74,"column":57}},{"start":{"line":74,"column":60},"end":{"line":74,"column":62}}]},"7":{"loc":{"start":{"line":75,"column":2},"end":{"line":75,"column":68}},"type":"if","locations":[{"start":{"line":75,"column":2},"end":{"line":75,"column":68}}]},"8":{"loc":{"start":{"line":75,"column":42},"end":{"line":75,"column":64}},"type":"cond-expr","locations":[{"start":{"line":75,"column":56},"end":{"line":75,"column":59}},{"start":{"line":75,"column":62},"end":{"line":75,"column":64}}]},"9":{"loc":{"start":{"line":76,"column":2},"end":{"line":76,"column":48}},"type":"if","locations":[{"start":{"line":76,"column":2},"end":{"line":76,"column":48}}]},"10":{"loc":{"start":{"line":77,"column":2},"end":{"line":77,"column":48}},"type":"if","locations":[{"start":{"line":77,"column":2},"end":{"line":77,"column":48}}]},"11":{"loc":{"start":{"line":80,"column":2},"end":{"line":80,"column":41}},"type":"if","locations":[{"start":{"line":80,"column":2},"end":{"line":80,"column":41}}]},"12":{"loc":{"start":{"line":157,"column":2},"end":{"line":175,"column":3}},"type":"if","locations":[{"start":{"line":157,"column":2},"end":{"line":175,"column":3}}]},"13":{"loc":{"start":{"line":159,"column":4},"end":{"line":165,"column":5}},"type":"if","locations":[{"start":{"line":159,"column":4},"end":{"line":165,"column":5}}]},"14":{"loc":{"start":{"line":159,"column":8},"end":{"line":159,"column":58}},"type":"binary-expr","locations":[{"start":{"line":159,"column":8},"end":{"line":159,"column":25}},{"start":{"line":159,"column":29},"end":{"line":159,"column":58}}]},"15":{"loc":{"start":{"line":161,"column":6},"end":{"line":164,"column":7}},"type":"if","locations":[{"start":{"line":161,"column":6},"end":{"line":164,"column":7}}]},"16":{"loc":{"start":{"line":167,"column":4},"end":{"line":173,"column":5}},"type":"if","locations":[{"start":{"line":167,"column":4},"end":{"line":173,"column":5}}]},"17":{"loc":{"start":{"line":167,"column":8},"end":{"line":167,"column":58}},"type":"binary-expr","locations":[{"start":{"line":167,"column":8},"end":{"line":167,"column":25}},{"start":{"line":167,"column":29},"end":{"line":167,"column":58}}]},"18":{"loc":{"start":{"line":169,"column":6},"end":{"line":172,"column":7}},"type":"if","locations":[{"start":{"line":169,"column":6},"end":{"line":172,"column":7}}]},"19":{"loc":{"start":{"line":180,"column":2},"end":{"line":220,"column":3}},"type":"if","locations":[{"start":{"line":180,"column":2},"end":{"line":220,"column":3}}]},"20":{"loc":{"start":{"line":181,"column":45},"end":{"line":181,"column":58}},"type":"default-arg","locations":[{"start":{"line":181,"column":54},"end":{"line":181,"column":58}}]},"21":{"loc":{"start":{"line":183,"column":4},"end":{"line":183,"column":61}},"type":"if","locations":[{"start":{"line":183,"column":4},"end":{"line":183,"column":61}}]},"22":{"loc":{"start":{"line":183,"column":8},"end":{"line":183,"column":42}},"type":"binary-expr","locations":[{"start":{"line":183,"column":8},"end":{"line":183,"column":21}},{"start":{"line":183,"column":25},"end":{"line":183,"column":42}}]},"23":{"loc":{"start":{"line":184,"column":4},"end":{"line":184,"column":59}},"type":"if","locations":[{"start":{"line":184,"column":4},"end":{"line":184,"column":59}}]},"24":{"loc":{"start":{"line":184,"column":8},"end":{"line":184,"column":42}},"type":"binary-expr","locations":[{"start":{"line":184,"column":8},"end":{"line":184,"column":21}},{"start":{"line":184,"column":25},"end":{"line":184,"column":42}}]},"25":{"loc":{"start":{"line":187,"column":4},"end":{"line":197,"column":5}},"type":"if","locations":[{"start":{"line":187,"column":4},"end":{"line":197,"column":5}}]},"26":{"loc":{"start":{"line":192,"column":6},"end":{"line":195,"column":7}},"type":"if","locations":[{"start":{"line":192,"column":6},"end":{"line":195,"column":7}}]},"27":{"loc":{"start":{"line":200,"column":4},"end":{"line":210,"column":5}},"type":"if","locations":[{"start":{"line":200,"column":4},"end":{"line":210,"column":5}}]},"28":{"loc":{"start":{"line":205,"column":6},"end":{"line":208,"column":7}},"type":"if","locations":[{"start":{"line":205,"column":6},"end":{"line":208,"column":7}}]},"29":{"loc":{"start":{"line":223,"column":2},"end":{"line":251,"column":3}},"type":"if","locations":[{"start":{"line":223,"column":2},"end":{"line":251,"column":3}}]},"30":{"loc":{"start":{"line":223,"column":6},"end":{"line":223,"column":96}},"type":"binary-expr","locations":[{"start":{"line":223,"column":6},"end":{"line":223,"column":45}},{"start":{"line":223,"column":49},"end":{"line":223,"column":96}}]},"31":{"loc":{"start":{"line":225,"column":4},"end":{"line":249,"column":5}},"type":"if","locations":[{"start":{"line":225,"column":4},"end":{"line":249,"column":5}},{"start":{"line":232,"column":11},"end":{"line":249,"column":5}}]},"32":{"loc":{"start":{"line":228,"column":6},"end":{"line":230,"column":7}},"type":"if","locations":[{"start":{"line":228,"column":6},"end":{"line":230,"column":7}}]},"33":{"loc":{"start":{"line":232,"column":11},"end":{"line":249,"column":5}},"type":"if","locations":[{"start":{"line":232,"column":11},"end":{"line":249,"column":5}},{"start":{"line":246,"column":11},"end":{"line":249,"column":5}}]},"34":{"loc":{"start":{"line":242,"column":6},"end":{"line":244,"column":7}},"type":"if","locations":[{"start":{"line":242,"column":6},"end":{"line":244,"column":7}}]},"35":{"loc":{"start":{"line":254,"column":2},"end":{"line":282,"column":3}},"type":"if","locations":[{"start":{"line":254,"column":2},"end":{"line":282,"column":3}}]},"36":{"loc":{"start":{"line":256,"column":4},"end":{"line":267,"column":5}},"type":"if","locations":[{"start":{"line":256,"column":4},"end":{"line":267,"column":5}}]},"37":{"loc":{"start":{"line":263,"column":6},"end":{"line":265,"column":7}},"type":"if","locations":[{"start":{"line":263,"column":6},"end":{"line":265,"column":7}}]},"38":{"loc":{"start":{"line":269,"column":4},"end":{"line":280,"column":5}},"type":"if","locations":[{"start":{"line":269,"column":4},"end":{"line":280,"column":5}}]},"39":{"loc":{"start":{"line":276,"column":6},"end":{"line":278,"column":7}},"type":"if","locations":[{"start":{"line":276,"column":6},"end":{"line":278,"column":7}}]}},"s":{"0":5,"1":5,"2":5,"3":5,"4":5,"5":5,"6":5,"7":5,"8":5,"9":5,"10":1,"11":1,"12":1,"13":3,"14":2,"15":2,"16":2,"17":2,"18":2,"19":2,"20":1,"21":2,"22":1,"23":2,"24":1,"25":2,"26":0,"27":2,"28":0,"29":0,"30":0,"31":0,"32":0,"33":0,"34":0,"35":0,"36":0,"37":0,"38":0,"39":0,"40":0,"41":1,"42":1,"43":0,"44":0,"45":0,"46":6,"47":6,"48":1,"49":0,"50":0,"51":0,"52":0,"53":1,"54":1,"55":1,"56":0,"57":0,"58":1,"59":5,"60":5,"61":4,"62":4,"63":4,"64":4,"65":4,"66":0,"67":4,"68":2,"69":2,"70":1,"71":1,"72":2,"73":2,"74":2,"75":1,"76":1,"77":0,"78":1,"79":1,"80":0,"81":0,"82":0,"83":0,"84":1,"85":1,"86":1,"87":1,"88":1,"89":1,"90":1,"91":1,"92":0,"93":1,"94":0,"95":0,"96":0,"97":0,"98":0,"99":0,"100":0,"101":0,"102":0,"103":0,"104":0,"105":0,"106":0,"107":0,"108":0,"109":0,"110":0,"111":0,"112":0,"113":0,"114":0,"115":0,"116":0},"f":{"0":1,"1":1,"2":3,"3":2,"4":0,"5":1,"6":0,"7":0,"8":6},"b":{"0":[3,2,2],"1":[1],"2":[1],"3":[1],"4":[0],"5":[0],"6":[0,0],"7":[0],"8":[0,0],"9":[0],"10":[0],"11":[0],"12":[1],"13":[0],"14":[1,0],"15":[0],"16":[1],"17":[1,1],"18":[0],"19":[4],"20":[4],"21":[4],"22":[4,4],"23":[0],"24":[4,0],"25":[2],"26":[1],"27":[2],"28":[1],"29":[1],"30":[1,1],"31":[0,1],"32":[0],"33":[1,0],"34":[0],"35":[0],"36":[0],"37":[0],"38":[0],"39":[0]}}
,"/Users/zaidazmi/Github/polyteller/src/utils/errorUtils.ts": {"path":"/Users/zaidazmi/Github/polyteller/src/utils/errorUtils.ts","statementMap":{"0":{"start":{"line":10,"column":0},"end":{"line":10,"column":16}},"1":{"start":{"line":1,"column":0},"end":{"line":1,"column":33}},"2":{"start":{"line":5,"column":4},"end":{"line":5,"column":19}},"3":{"start":{"line":4,"column":21},"end":{"line":4,"column":33}},"4":{"start":{"line":6,"column":4},"end":{"line":6,"column":34}},"5":{"start":{"line":3,"column":0},"end":{"line":3,"column":13}},"6":{"start":{"line":11,"column":2},"end":{"line":15,"column":3}},"7":{"start":{"line":12,"column":4},"end":{"line":12,"column":53}},"8":{"start":{"line":14,"column":4},"end":{"line":14,"column":32}}},"fnMap":{"0":{"name":"(anonymous_0)","decl":{"start":{"line":4,"column":2},"end":{"line":4,"column":21}},"loc":{"start":{"line":4,"column":50},"end":{"line":7,"column":3}}},"1":{"name":"handleError","decl":{"start":{"line":10,"column":16},"end":{"line":10,"column":27}},"loc":{"start":{"line":10,"column":58},"end":{"line":17,"column":1}}}},"branchMap":{"0":{"loc":{"start":{"line":11,"column":2},"end":{"line":15,"column":3}},"type":"if","locations":[{"start":{"line":11,"column":2},"end":{"line":15,"column":3}},{"start":{"line":13,"column":9},"end":{"line":15,"column":3}}]}},"s":{"0":2,"1":2,"2":1,"3":1,"4":1,"5":2,"6":8,"7":1,"8":7},"f":{"0":1,"1":8},"b":{"0":[1,7]}}
,"/Users/zaidazmi/Github/polyteller/src/utils/logUtils.ts": {"path":"/Users/zaidazmi/Github/polyteller/src/utils/logUtils.ts","statementMap":{"0":{"start":{"line":3,"column":0},"end":{"line":3,"column":16}},"1":{"start":{"line":9,"column":0},"end":{"line":9,"column":16}},"2":{"start":{"line":1,"column":22},"end":{"line":1,"column":59}},"3":{"start":{"line":4,"column":2},"end":{"line":6,"column":3}},"4":{"start":{"line":5,"column":4},"end":{"line":5,"column":52}},"5":{"start":{"line":10,"column":2},"end":{"line":23,"column":3}},"6":{"start":{"line":11,"column":4},"end":{"line":20,"column":7}},"7":{"start":{"line":12,"column":19},"end":{"line":12,"column":41}},"8":{"start":{"line":13,"column":6},"end":{"line":18,"column":9}},"9":{"start":{"line":19,"column":6},"end":{"line":19,"column":64}},"10":{"start":{"line":22,"column":4},"end":{"line":22,"column":59}}},"fnMap":{"0":{"name":"log","decl":{"start":{"line":3,"column":16},"end":{"line":3,"column":19}},"loc":{"start":{"line":3,"column":51},"end":{"line":7,"column":1}}},"1":{"name":"logError","decl":{"start":{"line":9,"column":16},"end":{"line":9,"column":24}},"loc":{"start":{"line":9,"column":54},"end":{"line":24,"column":1}}},"2":{"name":"(anonymous_2)","decl":{"start":{"line":11,"column":42},"end":{"line":11,"column":43}},"loc":{"start":{"line":11,"column":53},"end":{"line":20,"column":5}}}},"branchMap":{"0":{"loc":{"start":{"line":4,"column":2},"end":{"line":6,"column":3}},"type":"if","locations":[{"start":{"line":4,"column":2},"end":{"line":6,"column":3}}]},"1":{"loc":{"start":{"line":10,"column":2},"end":{"line":23,"column":3}},"type":"if","locations":[{"start":{"line":10,"column":2},"end":{"line":23,"column":3}},{"start":{"line":21,"column":9},"end":{"line":23,"column":3}}]},"2":{"loc":{"start":{"line":12,"column":19},"end":{"line":12,"column":41}},"type":"binary-expr","locations":[{"start":{"line":12,"column":19},"end":{"line":12,"column":35}},{"start":{"line":12,"column":39},"end":{"line":12,"column":41}}]}},"s":{"0":7,"1":7,"2":7,"3":70,"4":70,"5":0,"6":0,"7":0,"8":0,"9":0,"10":0},"f":{"0":70,"1":0,"2":0},"b":{"0":[70],"1":[0,0],"2":[0,0]}}
,"/Users/zaidazmi/Github/polyteller/src/utils/timezoneUtils.ts": {"path":"/Users/zaidazmi/Github/polyteller/src/utils/timezoneUtils.ts","statementMap":{"0":{"start":{"line":20,"column":0},"end":{"line":20,"column":16}},"1":{"start":{"line":24,"column":0},"end":{"line":24,"column":16}},"2":{"start":{"line":28,"column":0},"end":{"line":28,"column":16}},"3":{"start":{"line":45,"column":0},"end":{"line":45,"column":16}},"4":{"start":{"line":49,"column":0},"end":{"line":49,"column":16}},"5":{"start":{"line":64,"column":0},"end":{"line":64,"column":16}},"6":{"start":{"line":70,"column":0},"end":{"line":70,"column":16}},"7":{"start":{"line":3,"column":43},"end":{"line":18,"column":2}},"8":{"start":{"line":21,"column":2},"end":{"line":21,"column":53}},"9":{"start":{"line":25,"column":2},"end":{"line":25,"column":58}},"10":{"start":{"line":29,"column":15},"end":{"line":29,"column":33}},"11":{"start":{"line":30,"column":19},"end":{"line":30,"column":40}},"12":{"start":{"line":31,"column":22},"end":{"line":32,"column":null}},"13":{"start":{"line":34,"column":2},"end":{"line":34,"column":35}},"14":{"start":{"line":36,"column":16},"end":{"line":36,"column":36}},"15":{"start":{"line":37,"column":23},"end":{"line":38,"column":null}},"16":{"start":{"line":40,"column":2},"end":{"line":40,"column":36}},"17":{"start":{"line":42,"column":2},"end":{"line":42,"column":52}},"18":{"start":{"line":46,"column":2},"end":{"line":46,"column":29}},"19":{"start":{"line":50,"column":15},"end":{"line":50,"column":33}},"20":{"start":{"line":51,"column":19},"end":{"line":51,"column":40}},"21":{"start":{"line":52,"column":22},"end":{"line":53,"column":null}},"22":{"start":{"line":56,"column":2},"end":{"line":60,"column":3}},"23":{"start":{"line":59,"column":4},"end":{"line":59,"column":16}},"24":{"start":{"line":61,"column":2},"end":{"line":61,"column":15}},"25":{"start":{"line":65,"column":15},"end":{"line":65,"column":32}},"26":{"start":{"line":66,"column":23},"end":{"line":66,"column":71}},"27":{"start":{"line":67,"column":2},"end":{"line":67,"column":76}},"28":{"start":{"line":71,"column":2},"end":{"line":80,"column":5}}},"fnMap":{"0":{"name":"getTimezoneAbbreviation","decl":{"start":{"line":20,"column":16},"end":{"line":20,"column":39}},"loc":{"start":{"line":20,"column":56},"end":{"line":22,"column":1}}},"1":{"name":"getLocalTimezone","decl":{"start":{"line":24,"column":16},"end":{"line":24,"column":32}},"loc":{"start":{"line":24,"column":32},"end":{"line":26,"column":1}}},"2":{"name":"isDST","decl":{"start":{"line":28,"column":16},"end":{"line":28,"column":21}},"loc":{"start":{"line":28,"column":32},"end":{"line":43,"column":1}}},"3":{"name":"getETOffset","decl":{"start":{"line":45,"column":16},"end":{"line":45,"column":27}},"loc":{"start":{"line":45,"column":38},"end":{"line":47,"column":1}}},"4":{"name":"isAmbiguousDSTTime","decl":{"start":{"line":49,"column":16},"end":{"line":49,"column":34}},"loc":{"start":{"line":49,"column":45},"end":{"line":62,"column":1}}},"5":{"name":"convertToLocalTime","decl":{"start":{"line":64,"column":16},"end":{"line":64,"column":34}},"loc":{"start":{"line":64,"column":50},"end":{"line":68,"column":1}}},"6":{"name":"formatLocalTime","decl":{"start":{"line":70,"column":16},"end":{"line":70,"column":31}},"loc":{"start":{"line":70,"column":42},"end":{"line":81,"column":1}}}},"branchMap":{"0":{"loc":{"start":{"line":21,"column":9},"end":{"line":21,"column":52}},"type":"binary-expr","locations":[{"start":{"line":21,"column":9},"end":{"line":21,"column":40}},{"start":{"line":21,"column":44},"end":{"line":21,"column":52}}]},"1":{"loc":{"start":{"line":42,"column":9},"end":{"line":42,"column":51}},"type":"binary-expr","locations":[{"start":{"line":42,"column":9},"end":{"line":42,"column":29}},{"start":{"line":42,"column":33},"end":{"line":42,"column":51}}]},"2":{"loc":{"start":{"line":46,"column":9},"end":{"line":46,"column":28}},"type":"cond-expr","locations":[{"start":{"line":46,"column":23},"end":{"line":46,"column":24}},{"start":{"line":46,"column":27},"end":{"line":46,"column":28}}]},"3":{"loc":{"start":{"line":56,"column":2},"end":{"line":60,"column":3}},"type":"if","locations":[{"start":{"line":56,"column":2},"end":{"line":60,"column":3}}]},"4":{"loc":{"start":{"line":56,"column":6},"end":{"line":58,"column":49}},"type":"binary-expr","locations":[{"start":{"line":56,"column":6},"end":{"line":56,"column":28}},{"start":{"line":57,"column":6},"end":{"line":57,"column":46}},{"start":{"line":58,"column":6},"end":{"line":58,"column":26}},{"start":{"line":58,"column":30},"end":{"line":58,"column":49}}]}},"s":{"0":5,"1":5,"2":5,"3":5,"4":5,"5":5,"6":5,"7":5,"8":0,"9":0,"10":6,"11":6,"12":6,"13":6,"14":6,"15":6,"16":6,"17":6,"18":0,"19":0,"20":0,"21":0,"22":0,"23":0,"24":0,"25":0,"26":0,"27":0,"28":0},"f":{"0":0,"1":0,"2":6,"3":0,"4":0,"5":0,"6":0},"b":{"0":[0,0],"1":[6,2],"2":[0,0],"3":[0],"4":[0,0,0,0]}}
}
