TN:
SF:src/content/privacyMode.ts
FN:13,addToggleIcon
FN:14,(anonymous_1)
FN:43,(anonymous_2)
FN:48,(anonymous_3)
FN:53,(anonymous_4)
FN:59,(anonymous_5)
FN:84,(anonymous_6)
FN:98,(anonymous_7)
FN:100,(anonymous_8)
FN:109,(anonymous_9)
FN:127,(anonymous_10)
FN:131,(anonymous_11)
FN:134,(anonymous_12)
FN:144,(anonymous_13)
FN:151,(anonymous_14)
FN:155,(anonymous_15)
FN:159,(anonymous_16)
FN:188,(anonymous_17)
FN:199,(anonymous_18)
FN:200,(anonymous_19)
FN:211,(anonymous_20)
FN:212,(anonymous_21)
FN:227,(anonymous_22)
FN:241,(anonymous_23)
FN:243,(anonymous_24)
FN:251,(anonymous_25)
FN:253,(anonymous_26)
FN:261,(anonymous_27)
FN:274,(anonymous_28)
FN:275,(anonymous_29)
FN:284,(anonymous_30)
FN:285,(anonymous_31)
FN:288,(anonymous_32)
FN:290,(anonymous_33)
FN:291,(anonymous_34)
FN:300,togglePrivacyMode
FNF:36
FNH:21
FNDA:11,addToggleIcon
FNDA:16,(anonymous_1)
FNDA:0,(anonymous_2)
FNDA:0,(anonymous_3)
FNDA:0,(anonymous_4)
FNDA:0,(anonymous_5)
FNDA:0,(anonymous_6)
FNDA:0,(anonymous_7)
FNDA:0,(anonymous_8)
FNDA:5,(anonymous_9)
FNDA:11,(anonymous_10)
FNDA:11,(anonymous_11)
FNDA:10,(anonymous_12)
FNDA:13,(anonymous_13)
FNDA:6,(anonymous_14)
FNDA:7,(anonymous_15)
FNDA:7,(anonymous_16)
FNDA:13,(anonymous_17)
FNDA:11,(anonymous_18)
FNDA:0,(anonymous_19)
FNDA:11,(anonymous_20)
FNDA:0,(anonymous_21)
FNDA:0,(anonymous_22)
FNDA:0,(anonymous_23)
FNDA:0,(anonymous_24)
FNDA:2,(anonymous_25)
FNDA:5,(anonymous_26)
FNDA:17,(anonymous_27)
FNDA:20,(anonymous_28)
FNDA:2,(anonymous_29)
FNDA:7,(anonymous_30)
FNDA:2,(anonymous_31)
FNDA:3,(anonymous_32)
FNDA:0,(anonymous_33)
FNDA:0,(anonymous_34)
FNDA:0,togglePrivacyMode
DA:1,4
DA:5,4
DA:6,4
DA:7,4
DA:8,4
DA:14,11
DA:15,16
DA:17,16
DA:18,16
DA:20,0
DA:21,0
DA:22,0
DA:29,0
DA:43,0
DA:44,0
DA:45,0
DA:48,0
DA:49,0
DA:50,0
DA:53,0
DA:54,0
DA:55,0
DA:56,0
DA:58,0
DA:59,0
DA:60,0
DA:63,0
DA:69,0
DA:70,0
DA:79,0
DA:81,0
DA:82,0
DA:84,0
DA:85,0
DA:86,0
DA:89,0
DA:90,0
DA:92,0
DA:93,0
DA:97,11
DA:98,0
DA:99,0
DA:100,0
DA:101,0
DA:102,0
DA:108,11
DA:109,11
DA:110,5
DA:111,5
DA:119,4
DA:121,11
DA:122,11
DA:123,11
DA:124,11
DA:125,11
DA:128,11
DA:132,11
DA:133,11
DA:134,11
DA:135,10
DA:136,10
DA:137,10
DA:140,11
DA:141,11
DA:145,13
DA:146,11
DA:148,13
DA:152,6
DA:156,7
DA:160,7
DA:162,7
DA:163,7
DA:165,7
DA:166,7
DA:167,7
DA:169,7
DA:170,4
DA:172,3
DA:175,7
DA:176,7
DA:178,7
DA:184,0
DA:189,13
DA:190,13
DA:191,13
DA:192,13
DA:193,13
DA:195,0
DA:200,11
DA:201,0
DA:202,0
DA:203,0
DA:204,0
DA:207,0
DA:212,11
DA:213,0
DA:215,0
DA:216,0
DA:217,0
DA:218,0
DA:222,0
DA:223,0
DA:224,0
DA:227,0
DA:228,0
DA:233,11
DA:242,0
DA:243,0
DA:244,0
DA:248,0
DA:252,2
DA:253,2
DA:254,5
DA:255,5
DA:256,5
DA:262,17
DA:263,5
DA:264,5
DA:267,12
DA:268,2
DA:269,2
DA:275,20
DA:276,2
DA:277,2
DA:279,0
DA:285,7
DA:289,3
DA:290,3
DA:291,0
DA:297,4
DA:300,4
DA:301,0
LF:132
LH:73
BRDA:15,0,0,0
BRDA:18,1,0,16
BRDA:85,2,0,0
BRDA:85,2,1,0
BRDA:97,3,0,0
BRDA:97,3,1,11
BRDA:99,4,0,0
BRDA:101,5,0,0
BRDA:108,6,0,11
BRDA:110,7,0,5
BRDA:135,8,0,10
BRDA:145,9,0,11
BRDA:160,10,0,0
BRDA:169,11,0,4
BRDA:169,11,1,3
BRDA:191,12,0,13
BRDA:191,12,1,5
BRDA:201,13,0,0
BRDA:203,14,0,0
BRDA:216,15,0,0
BRDA:222,16,0,0
BRDA:223,17,0,0
BRDA:242,18,0,0
BRDA:244,19,0,0
BRDA:244,19,1,0
BRDA:244,19,2,0
BRDA:254,20,0,5
BRDA:262,21,0,5
BRDA:262,21,1,12
BRDA:263,22,0,5
BRDA:264,23,0,5
BRDA:264,23,1,0
BRDA:267,24,0,2
BRDA:276,25,0,2
BRDA:276,25,1,0
BRF:35
BRH:17
end_of_record
TN:
SF:src/content/extractors/datePatterns.ts
FN:326,(anonymous_6)
FNF:1
FNH:1
FNDA:60,(anonymous_6)
DA:2,1
DA:13,1
DA:326,60
LF:3
LH:3
BRF:0
BRH:0
end_of_record
TN:
SF:src/content/extractors/patternHandlers.ts
FN:8,handlePostponedAfterDate
FN:21,handleFinalResolutionDeadline
FN:47,handleBetweenDatesWithComma
FN:74,handleBetweenDatesWithTimezoneSuffix
FN:90,handleShortDateTime
FN:103,handleBetweenDatesWithDifferentFormats
FN:117,handleBetweenDatesWithInclusiveEnd
FN:129,handleBetweenDatesWithEnd
FN:141,handleFinalDataDeadline
FN:153,handleMainEventEnd
FN:164,handleTimeBeforeDate
FN:176,handleYearEnd
FN:187,handleBitcoinNoon
FN:235,handleExactTimeWithSeconds
FN:247,handleElectionTime
FN:261,handleUntilTime
FN:278,handleResolutionDateTime
FN:290,handleStandaloneDateTime
FN:302,handleDateOnly
FN:314,handleInaugurationDate
FN:327,handleBitcoinEndFormat
FN:375,handleHurricaneEndFormat
FN:425,handleTimeWithAtFormat
FNF:23
FNH:10
FNDA:1,handlePostponedAfterDate
FNDA:0,handleFinalResolutionDeadline
FNDA:1,handleBetweenDatesWithComma
FNDA:1,handleBetweenDatesWithTimezoneSuffix
FNDA:2,handleShortDateTime
FNDA:0,handleBetweenDatesWithDifferentFormats
FNDA:0,handleBetweenDatesWithInclusiveEnd
FNDA:0,handleBetweenDatesWithEnd
FNDA:0,handleFinalDataDeadline
FNDA:0,handleMainEventEnd
FNDA:0,handleTimeBeforeDate
FNDA:0,handleYearEnd
FNDA:4,handleBitcoinNoon
FNDA:1,handleExactTimeWithSeconds
FNDA:1,handleElectionTime
FNDA:2,handleUntilTime
FNDA:0,handleResolutionDateTime
FNDA:0,handleStandaloneDateTime
FNDA:0,handleDateOnly
FNDA:0,handleInaugurationDate
FNDA:0,handleBitcoinEndFormat
FNDA:3,handleHurricaneEndFormat
FNDA:7,handleTimeWithAtFormat
DA:2,2
DA:8,2
DA:9,1
DA:10,1
DA:21,2
DA:22,0
DA:25,0
DA:27,0
DA:36,0
DA:47,2
DA:54,1
DA:56,1
DA:63,1
DA:74,2
DA:75,1
DA:76,1
DA:77,1
DA:78,1
DA:79,1
DA:90,2
DA:91,2
DA:92,2
DA:93,2
DA:103,2
DA:104,0
DA:105,0
DA:106,0
DA:107,0
DA:117,2
DA:118,0
DA:119,0
DA:129,2
DA:130,0
DA:131,0
DA:141,2
DA:142,0
DA:143,0
DA:153,2
DA:154,0
DA:164,2
DA:165,0
DA:166,0
DA:176,2
DA:177,0
DA:187,2
DA:188,4
DA:191,4
DA:206,4
DA:209,4
DA:210,4
DA:211,4
DA:213,4
DA:225,4
DA:235,2
DA:236,1
DA:237,1
DA:247,2
DA:248,1
DA:249,1
DA:261,2
DA:262,2
DA:265,2
DA:266,2
DA:268,2
DA:278,2
DA:279,0
DA:280,0
DA:290,2
DA:291,0
DA:292,0
DA:302,2
DA:303,0
DA:304,0
DA:314,2
DA:315,0
DA:316,0
DA:327,2
DA:333,0
DA:336,0
DA:351,0
DA:354,0
DA:355,0
DA:356,0
DA:358,0
DA:364,0
DA:375,2
DA:376,3
DA:379,3
DA:382,3
DA:383,3
DA:386,3
DA:401,3
DA:403,3
DA:415,3
DA:425,2
DA:426,7
DA:429,7
DA:432,7
DA:448,7
DA:449,7
DA:450,7
DA:451,7
DA:452,7
DA:456,7
DA:458,7
DA:467,7
LF:106
LH:72
BRDA:12,0,0,1
BRDA:12,0,1,0
BRDA:38,1,0,0
BRDA:38,1,1,0
BRDA:77,2,0,1
BRDA:77,2,1,0
BRDA:78,3,0,1
BRDA:78,3,1,0
BRDA:81,4,0,1
BRDA:81,4,1,0
BRDA:95,5,0,2
BRDA:95,5,1,0
BRDA:106,6,0,0
BRDA:106,6,1,0
BRDA:109,7,0,0
BRDA:109,7,1,0
BRDA:109,7,2,0
BRDA:145,8,0,0
BRDA:145,8,1,0
BRDA:206,9,0,4
BRDA:206,9,1,0
BRDA:210,10,0,4
BRDA:210,10,1,0
BRDA:211,11,0,1
BRDA:211,11,1,3
BRDA:211,12,0,0
BRDA:211,12,1,3
BRDA:239,13,0,1
BRDA:239,13,1,0
BRDA:266,14,0,1
BRDA:266,14,1,1
BRDA:270,15,0,2
BRDA:270,15,1,0
BRDA:282,16,0,0
BRDA:282,16,1,0
BRDA:294,17,0,0
BRDA:294,17,1,0
BRDA:351,18,0,0
BRDA:351,18,1,0
BRDA:355,19,0,0
BRDA:355,19,1,0
BRDA:356,20,0,0
BRDA:356,20,1,0
BRDA:356,21,0,0
BRDA:356,21,1,0
BRDA:379,22,0,3
BRDA:379,22,1,3
BRDA:383,23,0,0
BRDA:383,23,1,3
BRDA:401,24,0,3
BRDA:401,24,1,0
BRDA:417,25,0,3
BRDA:417,25,1,0
BRDA:449,26,0,7
BRDA:451,27,0,7
BRDA:451,27,1,0
BRDA:469,28,0,7
BRDA:469,28,1,1
BRF:58
BRH:23
end_of_record
TN:
SF:src/popup/popup.ts
FN:22,initPopup
FN:29,(anonymous_1)
FN:35,(anonymous_2)
FN:48,(anonymous_3)
FN:77,(anonymous_4)
FN:92,(anonymous_5)
FN:96,(anonymous_6)
FN:119,loadNotifications
FN:120,(anonymous_8)
FN:124,(anonymous_9)
FN:128,(anonymous_10)
FN:139,(anonymous_11)
FN:161,(anonymous_12)
FN:164,(anonymous_13)
FN:173,(anonymous_14)
FN:174,(anonymous_15)
FN:182,(anonymous_16)
FN:189,(anonymous_17)
FN:200,(anonymous_18)
FN:208,(anonymous_19)
FN:216,initTradeConfirmationToggle
FN:218,(anonymous_21)
FN:230,(anonymous_22)
FN:245,(anonymous_23)
FN:248,(anonymous_24)
FN:250,(anonymous_25)
FNF:26
FNH:10
FNDA:5,initPopup
FNDA:1,(anonymous_1)
FNDA:5,(anonymous_2)
FNDA:5,(anonymous_3)
FNDA:1,(anonymous_4)
FNDA:20,(anonymous_5)
FNDA:0,(anonymous_6)
FNDA:5,loadNotifications
FNDA:5,(anonymous_8)
FNDA:0,(anonymous_9)
FNDA:5,(anonymous_10)
FNDA:0,(anonymous_11)
FNDA:0,(anonymous_12)
FNDA:0,(anonymous_13)
FNDA:0,(anonymous_14)
FNDA:0,(anonymous_15)
FNDA:0,(anonymous_16)
FNDA:0,(anonymous_17)
FNDA:2,(anonymous_18)
FNDA:0,(anonymous_19)
FNDA:0,initTradeConfirmationToggle
FNDA:0,(anonymous_21)
FNDA:0,(anonymous_22)
FNDA:0,(anonymous_23)
FNDA:0,(anonymous_24)
FNDA:0,(anonymous_25)
DA:8,2
DA:9,2
DA:10,2
DA:11,2
DA:12,2
DA:13,2
DA:14,2
DA:15,2
DA:16,2
DA:17,2
DA:22,2
DA:23,5
DA:24,5
DA:27,5
DA:28,5
DA:29,5
DA:30,1
DA:31,1
DA:35,5
DA:36,5
DA:37,5
DA:39,5
DA:42,5
DA:43,0
DA:44,0
DA:47,5
DA:48,5
DA:49,5
DA:50,5
DA:51,5
DA:52,0
DA:53,5
DA:54,4
DA:55,4
DA:56,4
DA:58,1
DA:61,1
DA:62,1
DA:63,1
DA:68,0
DA:72,5
DA:73,5
DA:74,5
DA:76,5
DA:77,5
DA:78,1
DA:79,1
DA:80,1
DA:81,1
DA:83,0
DA:87,5
DA:89,0
DA:92,5
DA:93,20
DA:96,5
DA:97,0
DA:98,0
DA:99,0
DA:101,0
DA:102,0
DA:103,0
DA:104,0
DA:105,0
DA:109,0
DA:110,0
DA:112,5
DA:113,5
DA:114,5
DA:119,2
DA:120,5
DA:121,5
DA:122,5
DA:124,5
DA:125,0
DA:128,5
DA:129,5
DA:131,5
DA:132,0
DA:135,5
DA:137,5
DA:138,5
DA:139,5
DA:140,0
DA:143,5
DA:144,5
DA:145,5
DA:147,0
DA:149,5
DA:152,0
DA:153,0
DA:154,0
DA:156,0
DA:161,2
DA:162,0
DA:163,0
DA:164,0
DA:165,0
DA:166,0
DA:167,0
DA:173,2
DA:174,0
DA:175,0
DA:176,0
DA:177,0
DA:181,0
DA:182,0
DA:183,0
DA:184,0
DA:187,0
DA:189,0
DA:190,0
DA:194,0
DA:195,0
DA:196,0
DA:200,2
DA:201,2
DA:202,2
DA:203,2
DA:205,2
DA:208,2
DA:209,0
DA:210,0
DA:211,0
DA:213,0
DA:216,2
DA:217,0
DA:218,0
DA:219,0
DA:220,0
DA:221,0
DA:222,0
DA:224,0
DA:225,0
DA:226,0
DA:227,0
DA:230,0
DA:231,0
DA:232,0
DA:233,0
DA:234,0
DA:235,0
DA:238,0
DA:239,0
DA:241,0
DA:242,0
DA:243,0
DA:245,0
DA:246,0
DA:247,0
DA:248,0
DA:249,0
DA:250,0
DA:251,0
DA:252,0
DA:253,0
DA:259,0
DA:261,0
DA:263,0
DA:264,0
DA:265,0
DA:268,0
DA:269,0
DA:272,0
DA:273,0
LF:164
LH:77
BRDA:28,0,0,5
BRDA:37,1,0,5
BRDA:37,1,1,5
BRDA:42,2,0,0
BRDA:47,3,0,5
BRDA:47,3,1,0
BRDA:51,4,0,0
BRDA:51,4,1,5
BRDA:53,5,0,4
BRDA:53,5,1,1
BRDA:61,6,0,1
BRDA:61,7,0,1
BRDA:61,7,1,0
BRDA:63,8,0,1
BRDA:63,8,1,0
BRDA:76,9,0,5
BRDA:76,9,1,0
BRDA:76,10,0,5
BRDA:76,10,1,5
BRDA:80,11,0,1
BRDA:80,11,1,0
BRDA:97,12,0,0
BRDA:101,13,0,0
BRDA:112,14,0,5
BRDA:112,15,0,5
BRDA:112,15,1,0
BRDA:114,16,0,0
BRDA:114,16,1,5
BRDA:131,17,0,0
BRDA:135,18,0,5
BRDA:135,18,1,5
BRDA:137,19,0,5
BRDA:137,19,1,0
BRDA:140,20,0,0
BRDA:140,20,1,0
BRDA:152,21,0,0
BRDA:152,22,0,0
BRDA:152,22,1,0
BRDA:154,23,0,0
BRDA:154,23,1,0
BRDA:162,24,0,0
BRDA:165,25,0,0
BRDA:165,26,0,0
BRDA:165,26,1,0
BRDA:175,27,0,0
BRDA:175,28,0,0
BRDA:175,28,1,0
BRDA:195,29,0,0
BRDA:201,30,0,2
BRDA:201,31,0,2
BRDA:201,31,1,0
BRDA:209,32,0,0
BRDA:209,33,0,0
BRDA:209,33,1,0
BRDA:224,34,0,0
BRDA:224,35,0,0
BRDA:224,35,1,0
BRDA:224,35,2,0
BRDA:232,36,0,0
BRDA:241,37,0,0
BRDA:241,37,1,0
BRDA:249,38,0,0
BRDA:249,38,1,0
BRDA:252,39,0,0
BRF:64
BRH:22
end_of_record
TN:
SF:src/popup/utils.ts
FN:6,displayStatus
FN:25,(anonymous_1)
FN:30,(anonymous_2)
FN:32,(anonymous_3)
FNF:4
FNH:0
FNDA:0,displayStatus
FNDA:0,(anonymous_1)
FNDA:0,(anonymous_2)
FNDA:0,(anonymous_3)
DA:6,3
DA:7,0
DA:10,0
DA:11,0
DA:12,0
DA:13,0
DA:16,0
DA:17,0
DA:18,0
DA:21,0
DA:22,0
DA:25,0
DA:26,0
DA:30,0
DA:31,0
DA:32,0
DA:33,0
DA:34,0
LF:18
LH:1
BRDA:6,0,0,0
BRDA:10,1,0,0
BRDA:17,2,0,0
BRDA:17,2,1,0
BRDA:33,3,0,0
BRF:5
BRH:0
end_of_record
TN:
SF:src/popup/components/countdown.ts
FN:19,displayCountdown
FN:43,(anonymous_1)
FN:73,cleanupCountdown
FNF:3
FNH:0
FNDA:0,displayCountdown
FNDA:0,(anonymous_1)
FNDA:0,cleanupCountdown
DA:7,3
DA:8,3
DA:9,3
DA:10,3
DA:11,3
DA:13,3
DA:19,3
DA:21,0
DA:22,0
DA:23,0
DA:26,0
DA:27,0
DA:28,0
DA:30,0
DA:31,0
DA:32,0
DA:36,0
DA:37,0
DA:38,0
DA:40,0
DA:41,0
DA:43,0
DA:44,0
DA:46,0
DA:47,0
DA:48,0
DA:49,0
DA:53,0
DA:55,0
DA:60,0
DA:61,0
DA:62,0
DA:64,0
DA:73,3
DA:74,0
DA:75,0
DA:76,0
LF:37
LH:8
BRDA:21,0,0,0
BRDA:30,1,0,0
BRDA:30,2,0,0
BRDA:30,2,1,0
BRDA:30,2,2,0
BRDA:44,3,0,0
BRDA:46,4,0,0
BRDA:46,4,1,0
BRDA:74,5,0,0
BRF:9
BRH:0
end_of_record
TN:
SF:src/popup/components/customTimeValidation.ts
FN:6,validateCustomTime
FN:53,(anonymous_1)
FN:66,(anonymous_2)
FN:71,(anonymous_3)
FN:78,(anonymous_4)
FNF:5
FNH:5
FNDA:5,validateCustomTime
FNDA:4,(anonymous_1)
FNDA:4,(anonymous_2)
FNDA:4,(anonymous_3)
FNDA:4,(anonymous_4)
DA:1,3
DA:6,3
DA:7,5
DA:8,5
DA:9,5
DA:10,5
DA:11,5
DA:12,5
DA:14,5
DA:15,5
DA:17,5
DA:18,1
DA:19,1
DA:20,1
DA:21,1
DA:25,4
DA:26,4
DA:29,4
DA:30,4
DA:31,4
DA:32,4
DA:35,4
DA:44,4
DA:50,4
DA:51,2
DA:52,2
DA:53,1
DA:54,4
DA:56,1
DA:59,2
DA:62,2
DA:63,2
DA:64,1
DA:66,1
DA:67,4
DA:71,1
DA:72,4
DA:73,4
DA:78,4
DA:79,2
DA:80,2
DA:81,2
LF:42
LH:42
BRDA:17,0,0,1
BRDA:29,1,0,4
BRDA:29,1,1,3
BRDA:30,2,0,4
BRDA:30,2,1,3
BRDA:31,3,0,4
BRDA:31,3,1,4
BRDA:32,4,0,4
BRDA:32,4,1,4
BRDA:36,5,0,4
BRDA:36,5,1,4
BRDA:37,6,0,4
BRDA:37,6,1,4
BRDA:38,7,0,4
BRDA:38,7,1,4
BRDA:39,8,0,4
BRDA:39,8,1,4
BRDA:50,9,0,2
BRDA:59,10,0,2
BRDA:59,10,1,2
BRDA:63,11,0,1
BRDA:63,11,1,1
BRDA:63,12,0,2
BRDA:63,12,1,1
BRDA:73,13,0,4
BRDA:73,13,1,0
BRDA:78,14,0,2
BRDA:78,14,1,1
BRDA:81,15,0,1
BRDA:81,15,1,1
BRF:30
BRH:29
end_of_record
TN:
SF:src/popup/components/donateWidget.ts
FN:5,createDonateWidget
FN:46,(anonymous_2)
FN:203,(anonymous_3)
FN:217,frame
FN:239,(anonymous_5)
FN:245,(anonymous_6)
FNF:6
FNH:0
FNDA:0,createDonateWidget
FNDA:0,(anonymous_2)
FNDA:0,(anonymous_3)
FNDA:0,frame
FNDA:0,(anonymous_5)
FNDA:0,(anonymous_6)
DA:1,2
DA:2,2
DA:3,2
DA:5,2
DA:6,0
DA:7,0
DA:10,0
DA:11,0
DA:12,0
DA:28,0
DA:29,0
DA:30,0
DA:44,0
DA:45,0
DA:46,0
DA:47,0
DA:48,0
DA:49,0
DA:50,0
DA:52,0
DA:58,0
DA:59,0
DA:179,0
DA:182,0
DA:183,0
DA:186,0
DA:187,0
DA:188,0
DA:197,0
DA:200,0
DA:201,0
DA:203,0
DA:204,0
DA:205,0
DA:212,0
DA:215,0
DA:217,0
DA:219,0
DA:233,0
DA:234,0
DA:239,0
DA:240,0
DA:241,0
DA:245,0
DA:246,0
DA:249,0
LF:46
LH:4
BRDA:45,0,0,0
BRDA:204,1,0,0
BRDA:233,2,0,0
BRDA:240,3,0,0
BRF:4
BRH:0
end_of_record
TN:
SF:src/popup/components/notifications.ts
FN:17,setNotification
FN:44,(anonymous_1)
FN:61,(anonymous_2)
FN:77,(anonymous_3)
FN:85,(anonymous_4)
FN:95,displayNotifications
FN:108,(anonymous_6)
FN:115,(anonymous_7)
FN:139,(anonymous_8)
FN:148,deleteNotification
FN:186,removeTriggeredNotificationFromList
FNF:11
FNH:0
FNDA:0,setNotification
FNDA:0,(anonymous_1)
FNDA:0,(anonymous_2)
FNDA:0,(anonymous_3)
FNDA:0,(anonymous_4)
FNDA:0,displayNotifications
FNDA:0,(anonymous_6)
FNDA:0,(anonymous_7)
FNDA:0,(anonymous_8)
FNDA:0,deleteNotification
FNDA:0,removeTriggeredNotificationFromList
DA:7,1
DA:8,1
DA:9,1
DA:10,1
DA:11,1
DA:12,1
DA:17,1
DA:18,0
DA:19,0
DA:22,0
DA:25,0
DA:26,0
DA:27,0
DA:28,0
DA:29,0
DA:31,0
DA:33,0
DA:36,0
DA:37,0
DA:38,0
DA:39,0
DA:41,0
DA:42,0
DA:43,0
DA:44,0
DA:45,0
DA:46,0
DA:48,0
DA:51,0
DA:58,0
DA:62,0
DA:63,0
DA:64,0
DA:65,0
DA:66,0
DA:68,0
DA:69,0
DA:70,0
DA:72,0
DA:77,0
DA:78,0
DA:79,0
DA:83,0
DA:84,0
DA:85,0
DA:86,0
DA:87,0
DA:95,1
DA:96,0
DA:97,0
DA:98,0
DA:100,0
DA:102,0
DA:103,0
DA:104,0
DA:108,0
DA:109,0
DA:110,0
DA:111,0
DA:115,0
DA:116,0
DA:117,0
DA:138,0
DA:139,0
DA:140,0
DA:148,1
DA:149,0
DA:150,0
DA:151,0
DA:152,0
DA:154,0
DA:155,0
DA:156,0
DA:158,0
DA:159,0
DA:164,0
DA:165,0
DA:166,0
DA:167,0
DA:168,0
DA:170,0
DA:173,0
DA:174,0
DA:177,0
DA:178,0
DA:186,1
DA:187,0
DA:188,0
LF:88
LH:10
BRDA:25,0,0,0
BRDA:25,0,1,0
BRDA:26,1,0,0
BRDA:26,1,1,0
BRDA:27,2,0,0
BRDA:27,2,1,0
BRDA:28,3,0,0
BRDA:28,3,1,0
BRDA:29,4,0,0
BRDA:29,4,1,0
BRDA:37,5,0,0
BRDA:37,5,1,0
BRDA:41,6,0,0
BRDA:62,7,0,0
BRDA:62,7,1,0
BRDA:69,8,0,0
BRDA:69,8,1,0
BRDA:100,9,0,0
BRDA:102,10,0,0
BRDA:102,11,0,0
BRDA:102,11,1,0
BRDA:151,12,0,0
BRDA:151,12,1,0
BRDA:154,13,0,0
BRDA:154,13,1,0
BRDA:154,14,0,0
BRDA:154,14,1,0
BRDA:165,15,0,0
BRDA:165,15,1,0
BRF:29
BRH:0
end_of_record
TN:
SF:src/popup/components/privacyModeToggle.ts
FN:11,initPrivacyModeToggle
FN:21,(anonymous_1)
FN:25,(anonymous_2)
FN:26,(anonymous_3)
FN:38,(anonymous_4)
FNF:5
FNH:4
FNDA:2,initPrivacyModeToggle
FNDA:1,(anonymous_1)
FNDA:1,(anonymous_2)
FNDA:0,(anonymous_3)
FNDA:1,(anonymous_4)
DA:1,3
DA:2,3
DA:11,3
DA:12,2
DA:13,2
DA:14,0
DA:15,0
DA:18,2
DA:19,2
DA:21,2
DA:22,1
DA:25,1
DA:26,1
DA:27,0
DA:28,0
DA:38,2
DA:39,1
LF:17
LH:13
BRDA:13,0,0,0
BRDA:27,1,0,0
BRF:2
BRH:0
end_of_record
TN:
SF:src/popup/components/uiUpdates.ts
FN:16,updateUI
FN:17,(anonymous_1)
FN:42,(anonymous_2)
FN:73,displaySportsNotSupported
FN:82,(anonymous_4)
FN:137,displayError
FN:138,(anonymous_6)
FN:222,(anonymous_7)
FN:243,(anonymous_8)
FN:263,toggleCustomTimeInputs
FNF:10
FNH:0
FNDA:0,updateUI
FNDA:0,(anonymous_1)
FNDA:0,(anonymous_2)
FNDA:0,displaySportsNotSupported
FNDA:0,(anonymous_4)
FNDA:0,displayError
FNDA:0,(anonymous_6)
FNDA:0,(anonymous_7)
FNDA:0,(anonymous_8)
FNDA:0,toggleCustomTimeInputs
DA:7,1
DA:8,1
DA:9,1
DA:10,1
DA:16,1
DA:17,0
DA:18,0
DA:21,0
DA:22,0
DA:23,0
DA:27,0
DA:28,0
DA:29,0
DA:32,0
DA:35,0
DA:42,0
DA:43,0
DA:44,0
DA:45,0
DA:49,0
DA:50,0
DA:51,0
DA:54,0
DA:56,0
DA:57,0
DA:58,0
DA:62,0
DA:64,0
DA:65,0
DA:75,0
DA:82,0
DA:83,0
DA:84,0
DA:85,0
DA:90,0
DA:91,0
DA:92,0
DA:96,0
DA:97,0
DA:99,0
DA:102,0
DA:103,0
DA:114,0
DA:123,0
DA:127,0
DA:128,0
DA:129,0
DA:137,1
DA:138,0
DA:139,0
DA:140,0
DA:141,0
DA:143,0
DA:144,0
DA:145,0
DA:146,0
DA:148,0
DA:149,0
DA:150,0
DA:151,0
DA:152,0
DA:153,0
DA:155,0
DA:156,0
DA:157,0
DA:211,0
DA:220,0
DA:221,0
DA:222,0
DA:223,0
DA:224,0
DA:226,0
DA:228,0
DA:229,0
DA:230,0
DA:233,0
DA:240,0
DA:243,0
DA:244,0
DA:252,0
DA:253,0
DA:254,0
DA:255,0
DA:263,1
DA:264,0
DA:265,0
DA:266,0
LF:87
LH:7
BRDA:18,0,0,0
BRDA:18,0,1,0
BRDA:21,1,0,0
BRDA:27,2,0,0
BRDA:44,3,0,0
BRDA:50,4,0,0
BRDA:54,5,0,0
BRDA:54,5,1,0
BRDA:54,6,0,0
BRDA:54,6,1,0
BRDA:57,7,0,0
BRDA:84,8,0,0
BRDA:91,9,0,0
BRDA:97,10,0,0
BRDA:128,11,0,0
BRDA:139,12,0,0
BRDA:139,12,1,0
BRDA:143,13,0,0
BRDA:148,14,0,0
BRDA:148,14,1,0
BRDA:151,15,0,0
BRDA:151,15,1,0
BRDA:221,16,0,0
BRDA:221,17,0,0
BRDA:221,17,1,0
BRDA:226,18,0,0
BRDA:226,19,0,0
BRDA:226,19,1,0
BRDA:254,20,0,0
BRDA:255,21,0,0
BRDA:265,22,0,0
BRDA:266,23,0,0
BRDA:266,23,1,0
BRF:33
BRH:0
end_of_record
TN:
SF:src/store/store.ts
FN:23,(anonymous_0)
FN:24,(anonymous_1)
FN:25,(anonymous_2)
FN:30,(anonymous_3)
FN:31,(anonymous_4)
FN:32,(anonymous_5)
FN:35,(anonymous_6)
FN:36,(anonymous_7)
FN:37,(anonymous_8)
FN:55,(anonymous_9)
FN:59,(anonymous_10)
FN:60,(anonymous_11)
FN:62,(anonymous_12)
FN:73,(anonymous_13)
FN:74,(anonymous_14)
FN:77,(anonymous_15)
FN:89,(anonymous_16)
FN:90,(anonymous_17)
FN:94,(anonymous_18)
FN:95,(anonymous_19)
FN:97,(anonymous_20)
FN:99,(anonymous_21)
FN:100,(anonymous_22)
FN:103,(anonymous_23)
FNF:24
FNH:17
FNDA:1,(anonymous_0)
FNDA:1,(anonymous_1)
FNDA:0,(anonymous_2)
FNDA:12,(anonymous_3)
FNDA:12,(anonymous_4)
FNDA:0,(anonymous_5)
FNDA:0,(anonymous_6)
FNDA:0,(anonymous_7)
FNDA:0,(anonymous_8)
FNDA:1,(anonymous_9)
FNDA:2,(anonymous_10)
FNDA:2,(anonymous_11)
FNDA:0,(anonymous_12)
FNDA:2,(anonymous_13)
FNDA:2,(anonymous_14)
FNDA:0,(anonymous_15)
FNDA:1,(anonymous_16)
FNDA:1,(anonymous_17)
FNDA:1,(anonymous_18)
FNDA:1,(anonymous_19)
FNDA:1,(anonymous_20)
FNDA:1,(anonymous_21)
FNDA:1,(anonymous_22)
FNDA:1,(anonymous_23)
DA:1,1
DA:2,1
DA:22,1
DA:24,1
DA:25,1
DA:26,0
DA:31,12
DA:32,12
DA:36,0
DA:37,0
DA:45,1
DA:53,1
DA:55,1
DA:60,2
DA:61,2
DA:62,2
DA:63,2
DA:65,0
DA:66,0
DA:67,0
DA:70,2
DA:74,2
DA:75,2
DA:76,2
DA:77,0
DA:79,2
DA:81,0
DA:82,0
DA:83,0
DA:86,2
DA:90,1
DA:91,1
DA:92,1
DA:95,1
DA:97,1
DA:100,1
DA:101,1
DA:102,1
DA:103,1
DA:105,1
DA:106,1
DA:114,1
LF:42
LH:32
BRDA:26,0,0,0
BRDA:26,0,1,0
BRDA:63,1,0,0
BRDA:63,1,1,2
BRDA:77,2,0,0
BRDA:77,2,1,0
BRDA:79,3,0,0
BRDA:79,3,1,2
BRDA:103,4,0,1
BRDA:103,4,1,1
BRF:10
BRH:4
end_of_record
TN:
SF:src/utils/CountdownManager.ts
FN:28,(anonymous_0)
FN:44,(anonymous_1)
FN:85,(anonymous_2)
FN:32,(anonymous_3)
FN:39,(anonymous_4)
FN:70,(anonymous_5)
FN:78,(anonymous_6)
FN:93,(anonymous_7)
FN:111,(anonymous_8)
FN:114,(anonymous_9)
FN:124,(anonymous_10)
FN:125,(anonymous_11)
FN:127,(anonymous_12)
FN:137,(anonymous_13)
FN:140,(anonymous_14)
FN:153,(anonymous_15)
FN:159,(anonymous_16)
FN:172,(anonymous_17)
FN:177,(anonymous_18)
FN:188,(anonymous_19)
FN:192,(anonymous_20)
FNF:21
FNH:0
FNDA:0,(anonymous_0)
FNDA:0,(anonymous_1)
FNDA:0,(anonymous_2)
FNDA:0,(anonymous_3)
FNDA:0,(anonymous_4)
FNDA:0,(anonymous_5)
FNDA:0,(anonymous_6)
FNDA:0,(anonymous_7)
FNDA:0,(anonymous_8)
FNDA:0,(anonymous_9)
FNDA:0,(anonymous_10)
FNDA:0,(anonymous_11)
FNDA:0,(anonymous_12)
FNDA:0,(anonymous_13)
FNDA:0,(anonymous_14)
FNDA:0,(anonymous_15)
FNDA:0,(anonymous_16)
FNDA:0,(anonymous_17)
FNDA:0,(anonymous_18)
FNDA:0,(anonymous_19)
FNDA:0,(anonymous_20)
DA:12,3
DA:14,0
DA:15,0
DA:16,0
DA:17,0
DA:18,0
DA:19,0
DA:26,0
DA:29,0
DA:33,0
DA:34,0
DA:36,0
DA:40,0
DA:41,0
DA:44,0
DA:46,0
DA:47,0
DA:48,0
DA:50,0
DA:54,0
DA:55,0
DA:57,0
DA:58,0
DA:59,0
DA:63,0
DA:64,0
DA:66,0
DA:71,0
DA:72,0
DA:73,0
DA:74,0
DA:79,0
DA:80,0
DA:81,0
DA:85,0
DA:86,0
DA:87,0
DA:88,0
DA:89,0
DA:94,0
DA:95,0
DA:98,0
DA:99,0
DA:102,0
DA:105,0
DA:106,0
DA:107,0
DA:108,0
DA:111,0
DA:115,0
DA:116,0
DA:117,0
DA:118,0
DA:119,0
DA:125,0
DA:126,0
DA:127,0
DA:128,0
DA:129,0
DA:131,0
DA:138,0
DA:140,0
DA:141,0
DA:142,0
DA:143,0
DA:144,0
DA:148,0
DA:149,0
DA:154,0
DA:155,0
DA:156,0
DA:160,0
DA:161,0
DA:163,0
DA:173,0
DA:174,0
DA:178,0
DA:179,0
DA:180,0
DA:181,0
DA:182,0
DA:183,0
DA:185,0
DA:189,0
DA:190,0
DA:192,0
DA:193,0
DA:194,0
DA:195,0
DA:199,0
LF:90
LH:1
BRDA:46,0,0,0
BRDA:47,1,0,0
BRDA:57,2,0,0
BRDA:63,3,0,0
BRDA:63,3,1,0
BRDA:86,4,0,0
BRDA:86,4,1,0
BRDA:87,5,0,0
BRDA:33,6,0,0
BRDA:71,7,0,0
BRDA:71,8,0,0
BRDA:71,8,1,0
BRDA:79,9,0,0
BRDA:94,10,0,0
BRDA:106,11,0,0
BRDA:116,12,0,0
BRDA:118,13,0,0
BRDA:142,14,0,0
BRDA:148,15,0,0
BRDA:148,16,0,0
BRDA:148,16,1,0
BRDA:178,17,0,0
BRDA:178,17,1,0
BRDA:180,18,0,0
BRDA:180,18,1,0
BRDA:182,19,0,0
BRDA:194,20,0,0
BRDA:199,21,0,0
BRDA:199,21,1,0
BRF:29
BRH:0
end_of_record
TN:
SF:src/utils/countdownFormatters.ts
FN:3,formatCountdownDisplay
FN:24,formatAllNotificationsCountdown
FNF:2
FNH:0
FNDA:0,formatCountdownDisplay
FNDA:0,formatAllNotificationsCountdown
DA:3,3
DA:4,0
DA:24,3
DA:25,0
LF:4
LH:2
BRF:0
BRH:0
end_of_record
TN:
SF:src/utils/dateUtils.ts
FN:13,getTimeRemaining
FN:23,formatDate
FN:41,isValidTimestamp
FN:50,formatFullNotificationTime
FN:70,formatRemainingTime
FN:90,calculateTimeRemaining
FN:105,formatCountdown
FN:133,formatLocalEndDate
FN:152,parseCustomDate
FNF:9
FNH:6
FNDA:1,getTimeRemaining
FNDA:1,formatDate
FNDA:3,isValidTimestamp
FNDA:2,formatFullNotificationTime
FNDA:0,formatRemainingTime
FNDA:1,calculateTimeRemaining
FNDA:0,formatCountdown
FNDA:0,formatLocalEndDate
FNDA:6,parseCustomDate
DA:6,5
DA:13,5
DA:14,1
DA:15,1
DA:23,5
DA:24,1
DA:41,5
DA:42,3
DA:50,5
DA:51,2
DA:52,2
DA:53,2
DA:54,2
DA:56,2
DA:57,2
DA:58,2
DA:59,2
DA:60,2
DA:62,2
DA:70,5
DA:71,0
DA:73,0
DA:74,0
DA:75,0
DA:76,0
DA:77,0
DA:80,0
DA:82,0
DA:90,5
DA:91,1
DA:92,1
DA:105,5
DA:106,0
DA:107,0
DA:133,5
DA:134,0
DA:152,5
DA:153,6
DA:157,6
DA:159,1
DA:160,0
DA:161,0
DA:162,0
DA:163,0
DA:167,1
DA:168,1
DA:169,1
DA:170,0
DA:171,0
DA:174,1
DA:178,5
DA:180,5
DA:181,4
DA:182,4
DA:183,4
DA:184,4
DA:187,4
DA:189,2
DA:192,2
DA:194,1
DA:196,1
DA:200,2
DA:202,2
DA:205,2
DA:207,1
DA:209,1
DA:212,0
DA:223,1
DA:225,1
DA:227,0
DA:228,0
DA:229,0
DA:231,0
DA:232,1
DA:234,1
DA:235,1
DA:236,1
DA:237,1
DA:240,1
DA:241,1
DA:242,1
DA:243,0
DA:245,1
DA:248,0
DA:250,0
DA:254,0
DA:256,0
DA:257,0
DA:258,0
DA:259,0
DA:260,0
DA:262,0
DA:263,0
DA:264,0
DA:266,0
DA:269,0
DA:270,0
DA:271,0
DA:272,0
DA:273,0
DA:275,0
DA:276,0
DA:277,0
DA:279,0
DA:281,0
DA:285,0
LF:106
LH:60
BRDA:42,0,0,3
BRDA:42,0,1,2
BRDA:42,0,2,2
BRDA:57,1,0,1
BRDA:58,2,0,1
BRDA:59,3,0,1
BRDA:60,4,0,0
BRDA:74,5,0,0
BRDA:74,6,0,0
BRDA:74,6,1,0
BRDA:75,7,0,0
BRDA:75,8,0,0
BRDA:75,8,1,0
BRDA:76,9,0,0
BRDA:77,10,0,0
BRDA:80,11,0,0
BRDA:157,12,0,1
BRDA:159,13,0,0
BRDA:159,14,0,1
BRDA:159,14,1,0
BRDA:161,15,0,0
BRDA:167,16,0,1
BRDA:167,17,0,1
BRDA:167,17,1,1
BRDA:169,18,0,0
BRDA:180,19,0,4
BRDA:181,20,0,4
BRDA:183,21,0,4
BRDA:183,22,0,4
BRDA:183,22,1,4
BRDA:184,23,0,0
BRDA:184,24,0,4
BRDA:184,24,1,0
BRDA:187,25,0,2
BRDA:192,26,0,1
BRDA:200,27,0,2
BRDA:205,28,0,1
BRDA:223,29,0,1
BRDA:223,30,0,1
BRDA:223,30,1,1
BRDA:225,31,0,0
BRDA:225,31,1,1
BRDA:228,32,0,0
BRDA:232,33,0,1
BRDA:232,33,1,0
BRDA:242,34,0,0
BRDA:254,35,0,0
BRDA:256,36,0,0
BRDA:263,37,0,0
BRDA:269,38,0,0
BRDA:276,39,0,0
BRF:51
BRH:26
end_of_record
TN:
SF:src/utils/errorUtils.ts
FN:4,(anonymous_0)
FN:10,handleError
FNF:2
FNH:2
FNDA:1,(anonymous_0)
FNDA:8,handleError
DA:1,2
DA:3,2
DA:4,1
DA:5,1
DA:6,1
DA:10,2
DA:11,8
DA:12,1
DA:14,7
LF:9
LH:9
BRDA:11,0,0,1
BRDA:11,0,1,7
BRF:2
BRH:2
end_of_record
TN:
SF:src/utils/logUtils.ts
FN:3,log
FN:9,logError
FN:11,(anonymous_2)
FNF:3
FNH:1
FNDA:70,log
FNDA:0,logError
FNDA:0,(anonymous_2)
DA:1,7
DA:3,7
DA:4,70
DA:5,70
DA:9,7
DA:10,0
DA:11,0
DA:12,0
DA:13,0
DA:19,0
DA:22,0
LF:11
LH:5
BRDA:4,0,0,70
BRDA:10,1,0,0
BRDA:10,1,1,0
BRDA:12,2,0,0
BRDA:12,2,1,0
BRF:5
BRH:1
end_of_record
TN:
SF:src/utils/timezoneUtils.ts
FN:20,getTimezoneAbbreviation
FN:24,getLocalTimezone
FN:28,isDST
FN:45,getETOffset
FN:49,isAmbiguousDSTTime
FN:64,convertToLocalTime
FN:70,formatLocalTime
FNF:7
FNH:1
FNDA:0,getTimezoneAbbreviation
FNDA:0,getLocalTimezone
FNDA:6,isDST
FNDA:0,getETOffset
FNDA:0,isAmbiguousDSTTime
FNDA:0,convertToLocalTime
FNDA:0,formatLocalTime
DA:3,5
DA:20,5
DA:21,0
DA:24,5
DA:25,0
DA:28,5
DA:29,6
DA:30,6
DA:31,6
DA:34,6
DA:36,6
DA:37,6
DA:40,6
DA:42,6
DA:45,5
DA:46,0
DA:49,5
DA:50,0
DA:51,0
DA:52,0
DA:56,0
DA:59,0
DA:61,0
DA:64,5
DA:65,0
DA:66,0
DA:67,0
DA:70,5
DA:71,0
LF:29
LH:16
BRDA:21,0,0,0
BRDA:21,0,1,0
BRDA:42,1,0,6
BRDA:42,1,1,2
BRDA:46,2,0,0
BRDA:46,2,1,0
BRDA:56,3,0,0
BRDA:56,4,0,0
BRDA:56,4,1,0
BRDA:56,4,2,0
BRDA:56,4,3,0
BRF:11
BRH:2
end_of_record
